#
# A fatal error has been detected by the Java Runtime Environment:
#
#  Internal Error (jvmciRuntime.cpp:1609), pid=106, tid=120
#  fatal error: Fatal exception in JVMCI: Error calling jdk.vm.ci.services.Services.serializeSavedProperties
#
# JRE version: OpenJDK Runtime Environment GraalVM CE 22.3.0 (17.0.5+8) (build 17.0.5+8-jvmci-22.3-b08)
# Java VM: OpenJDK 64-Bit Server VM GraalVM CE 22.3.0 (17.0.5+8-jvmci-22.3-b08, mixed mode, sharing, tiered, jvmci, jvmci compiler, compressed oops, compressed class ptrs, parallel gc, linux-amd64)
# Problematic frame:
# V  [libjvm.so+0x972714]  JVMCIRuntime::fatal_exception(JVMCIEnv*, char const*)+0x74
#
# Core dump will be written. Default location: Core dumps may be processed with "/usr/share/apport/apport -p%p -s%s -c%c -d%d -P%P -u%u -g%g -- %E" (or dumping to /home/runner/java4/core.106)
#
# If you would like to submit a bug report, please visit:
#   https://github.com/oracle/graal/issues
#

---------------  S U M M A R Y ------------

Command Line: -XX:ThreadPriorityPolicy=1 -XX:+UnlockExperimentalVMOptions -XX:+EnableJVMCIProduct -XX:JVMCIThreadsPerNativeLibraryRuntime=1 -XX:-UnlockExperimentalVMOptions -Declipse.application=org.eclipse.jdt.ls.core.id1 -Dosgi.bundles.defaultStartLevel=4 -Declipse.product=org.eclipse.jdt.ls.core.product -Dlog.level=ALL -Xverify:none -XX:+UseParallelGC -XX:GCTimeRatio=4 -XX:AdaptiveSizePolicyWeight=90 -Dsun.zip.disableMemoryMapping=true -Xmx512m -Xms100m /nix/store/m6gcpi1ii6rghy04cjwjddcavv7i90df-jdt-language-server-1.9.0/share/java/plugins/org.eclipse.equinox.launcher_1.6.400.v20210924-0641.jar --add-modules=ALL-SYSTEM --add-opens java.base/java.util=ALL-UNNAMED --add-opens java.base/java.lang=ALL-UNNAMED -configuration /home/runner/.cache/jdt-language-server/config -data /home/runner/.cache/jdt-language-server/data/home/runner/java4

Host: AMD EPYC 7B12, 8 cores, 1G, Ubuntu 20.04.2 LTS
Time: Wed Apr 12 14:12:33 2023 UTC elapsed time: 1170.268527 seconds (0d 0h 19m 30s)

---------------  T H R E A D  ---------------

Current thread (0x00007f17c40b21e0):  JavaThread "JVMCI-native CompilerThread0" daemon [_thread_in_vm, id=120, stack(0x00007f17c871a000,0x00007f17c891a000)]


Current CompileTask:
JVMCI-native:1170269 6247   !   4       jdk.internal.reflect.UTF8::encode (191 bytes)

Stack: [0x00007f17c871a000,0x00007f17c891a000],  sp=0x00007f17c8918380,  free space=2040k
Native frames: (J=compiled Java code, j=interpreted, Vv=VM code, C=native code)
V  [libjvm.so+0x972714]  JVMCIRuntime::fatal_exception(JVMCIEnv*, char const*)+0x74
V  [libjvm.so+0x93e2fe]  JVMCIEnv::copy_saved_properties()+0x14e
V  [libjvm.so+0x9732a9]  JVMCIRuntime::initialize(JVMCIEnv*)+0xb19
V  [libjvm.so+0x9738a2]  JVMCIRuntime::get_HotSpotJVMCIRuntime(JVMCIEnv*)+0x12
V  [libjvm.so+0x9749f2]  JVMCIRuntime::compile_method(JVMCIEnv*, JVMCICompiler*, methodHandle const&, int)+0xd2
V  [libjvm.so+0x5b0d20]  CompileBroker::invoke_compiler_on_method(CompileTask*)+0x1470
V  [libjvm.so+0x5b12e8]  CompileBroker::compiler_thread_loop()+0x528
V  [libjvm.so+0xd82460]  JavaThread::thread_main_inner()+0xd0
V  [libjvm.so+0xd85a40]  Thread::call_run()+0xc0
V  [libjvm.so+0xbdb1e1]  thread_native_entry(Thread*)+0xe1

Register to memory mapping:

RAX=0x00007f17cb8a7000 points into unknown readable memory: 0x0000000000000058 | 58 00 00 00 00 00 00 00
RBX=0x00007f17cc9a2398: <offset 0x0000000000ef5398> in /nix/store/gpxl5qgg8kicmcvivwmybwjlpf7wh20l-graalvm17-ce-22.3.0/lib/server/libjvm.so at 0x00007f17cbaad000
RCX=0x00007f17cc95a1e8: <offset 0x0000000000ead1e8> in /nix/store/gpxl5qgg8kicmcvivwmybwjlpf7wh20l-graalvm17-ce-22.3.0/lib/server/libjvm.so at 0x00007f17cbaad000
RDX=0x0000000000000649 is an unknown value
RSP=0x00007f17c8918380 is pointing into the stack for thread: 0x00007f17c40b21e0
RBP=0x00007f17c89183a0 is pointing into the stack for thread: 0x00007f17c40b21e0
RSI=0x00007f17cc9a2c48: <offset 0x0000000000ef5c48> in /nix/store/gpxl5qgg8kicmcvivwmybwjlpf7wh20l-graalvm17-ce-22.3.0/lib/server/libjvm.so at 0x00007f17cbaad000
RDI=0x00000000e0000000 is an oop: [B 
{0x00000000e0000000} - klass: {type array byte}
 - length: 44
R8 =0x00007f17cc9a2398: <offset 0x0000000000ef5398> in /nix/store/gpxl5qgg8kicmcvivwmybwjlpf7wh20l-graalvm17-ce-22.3.0/lib/server/libjvm.so at 0x00007f17cbaad000
R9 =0x0000000000000003 is an unknown value
R10=0x00007f17cccf3da0: <offset 0x0000000001246da0> in /nix/store/gpxl5qgg8kicmcvivwmybwjlpf7wh20l-graalvm17-ce-22.3.0/lib/server/libjvm.so at 0x00007f17cbaad000
R11=0x000000080044f048 is pointing into metadata
R12=0x0 is NULL
R13=0x00007f17c40b21e0 is a thread
R14=0x00007f17c4000b80 points into unknown readable memory: 0x00007f17ccbd3a38 | 38 3a bd cc 17 7f 00 00
R15=0x00007f17ccce1e40: <offset 0x0000000001234e40> in /nix/store/gpxl5qgg8kicmcvivwmybwjlpf7wh20l-graalvm17-ce-22.3.0/lib/server/libjvm.so at 0x00007f17cbaad000


Registers:
RAX=0x00007f17cb8a7000, RBX=0x00007f17cc9a2398, RCX=0x00007f17cc95a1e8, RDX=0x0000000000000649
RSP=0x00007f17c8918380, RBP=0x00007f17c89183a0, RSI=0x00007f17cc9a2c48, RDI=0x00000000e0000000
R8 =0x00007f17cc9a2398, R9 =0x0000000000000003, R10=0x00007f17cccf3da0, R11=0x000000080044f048
R12=0x0000000000000000, R13=0x00007f17c40b21e0, R14=0x00007f17c4000b80, R15=0x00007f17ccce1e40
RIP=0x00007f17cc41f714, EFLAGS=0x0000000000010206, CSGSFS=0x002b000000000033, ERR=0x0000000000000006
  TRAPNO=0x000000000000000e

Top of Stack: (sp=0x00007f17c8918380)
0x00007f17c8918380:   00007f17c8918940 00007f17c40b21e0
0x00007f17c8918390:   00007f17ca2388c8 0000000800c415a8
0x00007f17c89183a0:   00007f17c8918500 00007f17cc3eb2fe
0x00007f17c89183b0:   00007f17c89183e0 00007f17c8918440 

Instructions: (pc=0x00007f17cc41f714)
0x00007f17cc41f614:   30 e8 f6 cf e8 ff 4c 89 e7 e8 2e 48 d1 ff 84 db
0x00007f17cc41f624:   75 2a 4d 85 ed 74 04 4d 8b 6d 00 48 83 c4 08 44
0x00007f17cc41f634:   89 f9 4c 89 f2 4c 89 ee 5b 4c 89 e7 41 5c 41 5d
0x00007f17cc41f644:   41 5e 41 5f 5d e9 e2 47 d1 ff 66 90 48 83 c4 08
0x00007f17cc41f654:   5b 41 5c 41 5d 41 5e 41 5f 5d c3 90 31 d2 be 08
0x00007f17cc41f664:   00 00 00 4c 89 ff e8 b1 78 a3 ff 49 89 c5 e9 37
0x00007f17cc41f674:   ff ff ff 66 0f 1f 84 00 00 00 00 00 48 8b 7a 08
0x00007f17cc41f684:   e9 6d ff ff ff 0f 1f 80 00 00 00 00 e8 5b 48 0a
0x00007f17cc41f694:   00 84 c0 75 89 e9 6a ff ff ff 66 90 55 48 89 e5
0x00007f17cc41f6a4:   41 56 41 55 41 54 49 89 fc 53 48 89 f3 66 48 8d
0x00007f17cc41f6b4:   3d 27 5e 85 00 66 66 48 e8 df 43 8d ff 4c 8b 28
0x00007f17cc41f6c4:   8b 05 be 72 8a 00 85 c0 75 14 ba 01 00 00 00 48
0x00007f17cc41f6d4:   8d 0d ae 72 8a 00 f0 0f b1 11 85 c0 74 4e be c8
0x00007f17cc41f6e4:   00 00 00 4c 89 ef e8 01 0b 41 00 48 8d 05 12 ac
0x00007f17cc41f6f4:   85 00 49 89 d8 48 8d 0d e8 aa 53 00 ba 49 06 00
0x00007f17cc41f704:   00 48 8d 35 3c 35 58 00 bf 00 00 00 e0 48 8b 00
0x00007f17cc41f714:   c6 00 58 31 c0 e8 e2 91 c6 ff 5b 41 5c 41 5d 41
0x00007f17cc41f724:   5e 5d e9 55 34 26 00 0f 1f 44 00 00 48 8d 05 81
0x00007f17cc41f734:   a3 8b 00 48 89 df 4c 8b 30 e8 9e 43 8d ff 48 89
0x00007f17cc41f744:   de 48 89 c2 49 8b 06 4c 89 f7 ff 50 08 4c 89 f7
0x00007f17cc41f754:   e8 a7 5c 27 00 4d 85 e4 74 12 be 01 00 00 00 4c
0x00007f17cc41f764:   89 e7 e8 35 43 fc ff eb 82 0f 1f 00 be 01 00 00
0x00007f17cc41f774:   00 4c 89 ef e8 d3 fd ff ff e9 6d ff ff ff 66 66
0x00007f17cc41f784:   2e 0f 1f 84 00 00 00 00 00 0f 1f 00 55 48 89 e5
0x00007f17cc41f794:   41 57 41 56 41 55 41 54 53 48 81 ec 08 02 00 00
0x00007f17cc41f7a4:   64 48 8b 04 25 28 00 00 00 48 89 45 c8 8b 07 83
0x00007f17cc41f7b4:   f8 02 0f 84 11 04 00 00 4c 8b 6f 18 49 89 ff 49
0x00007f17cc41f7c4:   89 f4 4d 85 ed 74 14 4c 89 ef e8 5d 57 22 00 41
0x00007f17cc41f7d4:   8b 07 83 f8 02 0f 84 19 04 00 00 48 8d 1d 9a 06
0x00007f17cc41f7e4:   8a 00 4c 8d 35 0b 3c 58 00 eb 38 90 48 85 d2 7f
0x00007f17cc41f7f4:   0d 48 8d 05 b4 c0 85 00 48 83 38 00 7e 0e 41 8b
0x00007f17cc41f804:   77 2c 4c 89 f7 31 c0 e8 a0 b2 f7 ff 49 8b 7f 18 


Stack slot to memory mapping:
stack at sp + 0 slots: 0x00007f17c8918940 is pointing into the stack for thread: 0x00007f17c40b21e0
stack at sp + 1 slots: 0x00007f17c40b21e0 is a thread
stack at sp + 2 slots: 0x00007f17ca2388c8 points into unknown readable memory: 0x6573001880c9ffff | ff ff c9 80 18 00 73 65
stack at sp + 3 slots: 0x0000000800c415a8 is a pointer to class: 
jdk.vm.ci.services.Services {0x0000000800c415a8}
 - instance size:     2
 - klass size:        65
 - access:            public final synchronized 
 - state:             fully_initialized
 - name:              'jdk/vm/ci/services/Services'
 - super:             'java/lang/Object'
 - sub:               
 - arrays:            NULL
 - methods:           Array<T>(0x00007f17c9041410)
 - method ordering:   Array<T>(0x0000000800928960)
 - default_methods:   Array<T>(0x0000000000000000)
 - local interfaces:  Array<T>(0x00000008005ce810)
 - trans. interfaces: Array<T>(0x00000008005ce810)
 - constants:         constant pool [427] {0x00007f17c9040410} for 'jdk/vm/ci/services/Services' cache=0x00007f17c9042868
 - class loader data:  loader data: 0x00007f17c40283d0 of 'bootstrap'
 - source file:       'Services.java'
 - class annotations:       Array<T>(0x0000000000000000)
 - class type annotations:  Array<T>(0x0000000000000000)
 - field annotations:       Array<T>(0x0000000000000000)
 - field type annotations:  Array<T>(0x0000000000000000)
 - inner classes:     Array<T>(0x00007f17c9042838)
 - nest members:     Array<T>(0x00007f17c9042858)
 - permitted subclasses:     Array<T>(0x00000008005ce7a0)
 - java mirror:       a 'java/lang/Class'{0x00000000e02b2e20} = 'jdk/vm/ci/services/Services'
 - vtable length      5  (start addr: 0x0000000800c41778)
 - itable length      2 (start addr: 0x0000000800c417a0)
 - ---- static fields (3 words):
 - public static final 'IS_BUILDING_NATIVE_IMAGE' 'Z' @128 
 - public static final 'IS_IN_NATIVE_IMAGE' 'Z' @129 
 - private static volatile 'savedProperties' 'Ljava/util/Map;' @112 
 - static final 'JVMCI_ENABLED' 'Z' @130 
 - private static final 'servicesCache' 'Ljava/util/Map;' @116 
 - private static final 'MAX_UNICODE_IN_UTF8_LENGTH' 'I' @120 
 - private static final 'MAX_UTF8_PROPERTY_STRING_LENGTH' 'I' @124 
 - ---- non-static fields (0 words):
 - non-static oop maps: 
stack at sp + 4 slots: 0x00007f17c8918500 is pointing into the stack for thread: 0x00007f17c40b21e0
stack at sp + 5 slots: 0x00007f17cc3eb2fe: <offset 0x000000000093e2fe> in /nix/store/gpxl5qgg8kicmcvivwmybwjlpf7wh20l-graalvm17-ce-22.3.0/lib/server/libjvm.so at 0x00007f17cbaad000
stack at sp + 6 slots: 0x00007f17c89183e0 is pointing into the stack for thread: 0x00007f17c40b21e0
stack at sp + 7 slots: 0x00007f17c8918440 is pointing into the stack for thread: 0x00007f17c40b21e0


---------------  P R O C E S S  ---------------

Threads class SMR info:
_java_thread_list=0x00007f176c001330, length=25, elements={
0x00007f17c4026670, 0x00007f17c40a64b0, 0x00007f17c40a78f0, 0x00007f17c40ae050,
0x00007f17c40af400, 0x00007f17c40b07f0, 0x00007f17c40b21e0, 0x00007f17c40b36f0,
0x00007f17c40b4b40, 0x00007f17c40d79d0, 0x00007f17c411f130, 0x00007f17c42c4550,
0x00007f17c430c3d0, 0x00007f17c430f500, 0x00007f175c02f480, 0x00007f175c415860,
0x00007f17480010d0, 0x00007f175c63eee0, 0x00007f175c7c25e0, 0x00007f17c435ab10,
0x00007f17c4403180, 0x00007f1744001130, 0x00007f1730000ff0, 0x00007f174c2f47b0,
0x00007f173c1e6610
}

Java Threads: ( => current thread )
  0x00007f17c4026670 JavaThread "main" [_thread_blocked, id=112, stack(0x00007f17cb8c8000,0x00007f17cb9c8000)]
  0x00007f17c40a64b0 JavaThread "Reference Handler" daemon [_thread_blocked, id=115, stack(0x00007f17c98df000,0x00007f17c99df000)]
  0x00007f17c40a78f0 JavaThread "Finalizer" daemon [_thread_blocked, id=116, stack(0x00007f17c8f00000,0x00007f17c9000000)]
  0x00007f17c40ae050 JavaThread "Signal Dispatcher" daemon [_thread_blocked, id=117, stack(0x00007f17c8b1a000,0x00007f17c8c1a000)]
  0x00007f17c40af400 JavaThread "Service Thread" daemon [_thread_blocked, id=118, stack(0x00007f17c8a1a000,0x00007f17c8b1a000)]
  0x00007f17c40b07f0 JavaThread "Monitor Deflation Thread" daemon [_thread_blocked, id=119, stack(0x00007f17c891a000,0x00007f17c8a1a000)]
=>0x00007f17c40b21e0 JavaThread "JVMCI-native CompilerThread0" daemon [_thread_in_vm, id=120, stack(0x00007f17c871a000,0x00007f17c891a000)]
  0x00007f17c40b36f0 JavaThread "C1 CompilerThread0" daemon [_thread_blocked, id=121, stack(0x00007f17c851a000,0x00007f17c871a000)]
  0x00007f17c40b4b40 JavaThread "Sweeper thread" daemon [_thread_blocked, id=122, stack(0x00007f17c841a000,0x00007f17c851a000)]
  0x00007f17c40d79d0 JavaThread "Common-Cleaner" daemon [_thread_blocked, id=123, stack(0x00007f17c831a000,0x00007f17c841a000)]
  0x00007f17c411f130 JavaThread "Notification Thread" daemon [_thread_blocked, id=124, stack(0x00007f17c821a000,0x00007f17c831a000)]
  0x00007f17c42c4550 JavaThread "Active Thread: Equinox Container: 47e7885f-e51e-4776-873f-8d1a129e5bf7" [_thread_blocked, id=130, stack(0x00007f17c8018000,0x00007f17c8118000)]
  0x00007f17c430c3d0 JavaThread "Framework Event Dispatcher: Equinox Container: 47e7885f-e51e-4776-873f-8d1a129e5bf7" daemon [_thread_blocked, id=131, stack(0x00007f17ab3b3000,0x00007f17ab4b3000)]
  0x00007f17c430f500 JavaThread "Start Level: Equinox Container: 47e7885f-e51e-4776-873f-8d1a129e5bf7" daemon [_thread_blocked, id=132, stack(0x00007f17a8f00000,0x00007f17a9000000)]
  0x00007f175c02f480 JavaThread "SCR Component Actor" daemon [_thread_blocked, id=133, stack(0x00007f17a8d00000,0x00007f17a8e00000)]
  0x00007f175c415860 JavaThread "Worker-JM" [_thread_blocked, id=135, stack(0x00007f17a8900000,0x00007f17a8a00000)]
  0x00007f17480010d0 JavaThread "Worker-1: Compacting resource model" [_thread_blocked, id=137, stack(0x00007f17a8500000,0x00007f17a8600000)]
  0x00007f175c63eee0 JavaThread "Java indexing" daemon [_thread_blocked, id=138, stack(0x00007f17a8300000,0x00007f17a8400000)]
  0x00007f175c7c25e0 JavaThread "Bundle File Closer" daemon [_thread_blocked, id=139, stack(0x00007f17a8b00000,0x00007f17a8c00000)]
  0x00007f17c435ab10 JavaThread "pool-3-thread-1" [_thread_blocked, id=141, stack(0x00007f17a8100000,0x00007f17a8200000)]
  0x00007f17c4403180 JavaThread "pool-2-thread-1" [_thread_blocked, id=142, stack(0x00007f1772d00000,0x00007f1772e00000)]
  0x00007f1744001130 JavaThread "Worker-3: Java indexing... " [_thread_blocked, id=143, stack(0x00007f1772b00000,0x00007f1772c00000)]
  0x00007f1730000ff0 JavaThread "Worker-4" [_thread_blocked, id=144, stack(0x00007f1772900000,0x00007f1772a00000)]
  0x00007f174c2f47b0 JavaThread "Worker-5: Periodic workspace save." [_thread_blocked, id=149, stack(0x00007f17a8700000,0x00007f17a8800000)]
  0x00007f173c1e6610 JavaThread "Thread-3" [_thread_blocked, id=150, stack(0x00007f17a8e00000,0x00007f17a8f00000)]

Other Threads:
  0x00007f17c40a1bf0 VMThread "VM Thread" [stack: 0x00007f17c99e1000,0x00007f17c9ae1000] [id=114] _threads_hazard_ptr=0x00007f176c001330
  0x00007f17c4120ad0 WatcherThread [stack: 0x00007f17c811a000,0x00007f17c821a000] [id=125]
  0x00007f17c403df10 GCTaskThread "GC Thread#0" [stack: 0x00007f17cb48b000,0x00007f17cb58b000] [id=113]

Threads with active compile tasks:
JVMCI-native CompilerThread0  1170353 6247   !   4       jdk.internal.reflect.UTF8::encode (191 bytes)

VM state: synchronizing (normal execution)

VM Mutex/Monitor currently owned by a thread:  ([mutex/lock_event])
[0x00007f17c4023820] Threads_lock - owner thread: 0x00007f17c40a1bf0
[0x00007f17c4023fd0] Heap_lock - owner thread: 0x00007f1744001130

OutOfMemory and StackOverflow Exception counts:
OutOfMemoryError java_heap_errors=1
LinkageErrors=49

Heap address: 0x00000000e0000000, size: 512 MB, Compressed Oops mode: 32-bit

CDS archive(s) mapped at: [0x0000000800000000-0x0000000800bc8000-0x0000000800bc8000), size 12353536, SharedBaseAddress: 0x0000000800000000, ArchiveRelocationMode: 0.
Compressed class space mapped at: 0x0000000800c00000-0x0000000840c00000, reserved size: 1073741824
Narrow klass base: 0x0000000800000000, Narrow klass shift: 0, Narrow klass range: 0x100000000

GC Precious Log:
 CPUs: 8 total, 1 available
 Memory: 1024M
 Large Page Support: Disabled
 NUMA Support: Disabled
 Compressed Oops: Enabled (32-bit)
 Alignments: Space 512K, Generation 512K, Heap 2M
 Heap Min Capacity: 100M
 Heap Initial Capacity: 100M
 Heap Max Capacity: 512M
 Pre-touch: Disabled
 Parallel Workers: 1

Heap:
 PSYoungGen      total 38912K, used 21810K [0x00000000f5580000, 0x00000000faf80000, 0x0000000100000000)
  eden space 21504K, 99% used [0x00000000f5580000,0x00000000f6a7fff8,0x00000000f6a80000)
  from space 17408K, 1% used [0x00000000f8c80000,0x00000000f8ccc840,0x00000000f9d80000)
  to   space 34816K, 0% used [0x00000000f6a80000,0x00000000f6a80000,0x00000000f8c80000)
 ParOldGen       total 349696K, used 349695K [0x00000000e0000000, 0x00000000f5580000, 0x00000000f5580000)
  object space 349696K, 99% used [0x00000000e0000000,0x00000000f557fca0,0x00000000f5580000)
 Metaspace       used 47410K, committed 48192K, reserved 1097728K
  class space    used 4757K, committed 5056K, reserved 1048576K

Card table byte_map: [0x00007f17cb58b000,0x00007f17cb68c000] _byte_map_base: 0x00007f17cae8b000

Marking Bits: (ParMarkBitMap*) 0x00007f17cccdb4c0
 Begin Bits: [0x00007f17ca3de000, 0x00007f17cabde000)
 End Bits:   [0x00007f17cabde000, 0x00007f17cb3de000)

Polling page: 0x00007f17cb8a5000

Metaspace:

Usage:
  Non-class:     41.65 MB used.
      Class:      4.65 MB used.
       Both:     46.30 MB used.

Virtual space:
  Non-class space:       48.00 MB reserved,      42.12 MB ( 88%) committed,  6 nodes.
      Class space:        1.00 GB reserved,       4.94 MB ( <1%) committed,  1 nodes.
             Both:        1.05 GB reserved,      47.06 MB (  4%) committed. 

Chunk freelists:
   Non-Class:  1.34 MB
       Class:  3.10 MB
        Both:  4.44 MB

MaxMetaspaceSize: unlimited
CompressedClassSpaceSize: 1.00 GB
Initial GC threshold: 21.00 MB
Current GC threshold: 78.25 MB
CDS: on
MetaspaceReclaimPolicy: balanced
 - commit_granule_bytes: 65536.
 - commit_granule_words: 8192.
 - virtual_space_node_default_size: 1048576.
 - enlarge_chunks_in_place: 1.
 - new_chunks_are_fully_committed: 0.
 - uncommit_free_chunks: 1.
 - use_allocation_guard: 0.
 - handle_deallocations: 1.


Internal statistics:

num_allocs_failed_limit: 6.
num_arena_births: 358.
num_arena_deaths: 68.
num_vsnodes_births: 7.
num_vsnodes_deaths: 0.
num_space_committed: 752.
num_space_uncommitted: 0.
num_chunks_returned_to_freelist: 99.
num_chunks_taken_from_freelist: 2283.
num_chunk_merges: 39.
num_chunk_splits: 1487.
num_chunks_enlarged: 946.
num_purges: 8.
num_inconsistent_stats: 0.

CodeHeap 'non-profiled nmethods': size=120036Kb used=2169Kb max_used=2169Kb free=117867Kb
 bounds [0x00007f17b2f7a000, 0x00007f17b31ea000, 0x00007f17ba4b3000]
CodeHeap 'profiled nmethods': size=120032Kb used=10814Kb max_used=12223Kb free=109217Kb
 bounds [0x00007f17aba42000, 0x00007f17ac6b2000, 0x00007f17b2f7a000]
CodeHeap 'non-nmethods': size=5692Kb used=1342Kb max_used=1353Kb free=4350Kb
 bounds [0x00007f17ab4b3000, 0x00007f17ab723000, 0x00007f17aba42000]
 total_blobs=5375 nmethods=4701 adapters=569
 compilation: enabled
              stopped_count=0, restarted_count=0
 full_count=0

JVMCI Events (20 events):
Event: 924.198 Thread 0x00007f17c40b21e0 destroyed JavaVM[8]@0x00007f1771f9e340 for JVMCI runtime 0
Event: 924.198 Thread 0x00007f17c40b21e0 compacted oop handles in JVMCI runtime 0 from 42 to 42
Event: 924.198 Thread 0x00007f17c40b21e0 releasing handles for JVMCI runtime 0: oop handles=42, metadata handles={total=87, live=76, blocks=33}
Event: 924.198 Thread 0x00007f17c40b21e0 detached from JVMCI runtime 0
Event: 1099.196 Thread 0x00007f17c40b21e0 attached to JVMCI runtime 0
Event: 1099.197 Thread 0x00007f17c40b21e0 created JavaVM[9]@0x00007f1771f9e340 for JVMCI runtime 0
Event: 1100.397 Thread 0x00007f17c40b21e0 initializing JVMCI runtime 0
Event: 1100.397 Thread 0x00007f17c40b21e0 done waiting for JavaVM references initialization in JVMCI runtime 0
Event: 1139.397 Thread 0x00007f17c40b21e0 initialized JVMCI runtime 0
Event: 1152.941 Thread 0x00007f17c40b21e0 detaching from JVMCI runtime 0: releasing idle compiler thread (0 other threads still attached)
Event: 1152.941 Thread 0x00007f17c40b21e0 shutting down HotSpotJVMCIRuntime for JVMCI runtime 0
Event: 1154.318 Thread 0x00007f17c40b21e0 shut down JVMCI runtime 0
Event: 1154.325 Thread 0x00007f17c40b21e0 destroyed JavaVM[9]@0x00007f1771f9e340 for JVMCI runtime 0
Event: 1154.325 Thread 0x00007f17c40b21e0 compacted oop handles in JVMCI runtime 0 from 75 to 75
Event: 1154.325 Thread 0x00007f17c40b21e0 releasing handles for JVMCI runtime 0: oop handles=75, metadata handles={total=137, live=129, blocks=33}
Event: 1154.325 Thread 0x00007f17c40b21e0 detached from JVMCI runtime 0
Event: 1157.056 Thread 0x00007f17c40b21e0 attached to JVMCI runtime 0
Event: 1157.057 Thread 0x00007f17c40b21e0 created JavaVM[10]@0x00007f1771f9e340 for JVMCI runtime 0
Event: 1157.057 Thread 0x00007f17c40b21e0 initializing JVMCI runtime 0
Event: 1157.057 Thread 0x00007f17c40b21e0 done waiting for JavaVM references initialization in JVMCI runtime 0

Compilation events (20 events):
Event: 874.927 Thread 0x00007f17c40b36f0 nmethod 6237 0x00007f17ac4f5d90 code [0x00007f17ac4f5f80, 0x00007f17ac4f63b0]
Event: 915.466 Thread 0x00007f17c40b21e0 6238       4       java.lang.Thread::interrupted (23 bytes)
Event: 922.825 Thread 0x00007f17c40b21e0 nmethod 6238 0x00007f17b3196b90 code [0x00007f17b3196d00, 0x00007f17b3196d68]
Event: 953.801 Thread 0x00007f17c40b36f0 6239   !   3       org.eclipse.core.internal.jobs.LockManager::aboutToWait (25 bytes)
Event: 953.801 Thread 0x00007f17c40b36f0 nmethod 6239 0x00007f17ac077410 code [0x00007f17ac0775e0, 0x00007f17ac0777f0]
Event: 979.048 Thread 0x00007f17c40b36f0 6240   !   3       java.util.Collections$SynchronizedCollection::size (24 bytes)
Event: 979.048 Thread 0x00007f17c40b36f0 nmethod 6240 0x00007f17ac25c210 code [0x00007f17ac25c3c0, 0x00007f17ac25c7c0]
Event: 979.049 Thread 0x00007f17c40b36f0 6241   !   3       java.util.Collections$SynchronizedCollection::isEmpty (24 bytes)
Event: 979.049 Thread 0x00007f17c40b36f0 nmethod 6241 0x00007f17ac2a5290 code [0x00007f17ac2a5440, 0x00007f17ac2a5840]
Event: 1027.398 Thread 0x00007f17c40b36f0 6242       3       jdk.internal.reflect.ClassFileAssembler::append (30 bytes)
Event: 1028.695 Thread 0x00007f17c40b36f0 nmethod 6242 0x00007f17ac21aa90 code [0x00007f17ac21ac80, 0x00007f17ac21b150]
Event: 1099.196 Thread 0x00007f17c40b21e0 6243       4       java.util.Collections$UnmodifiableCollection$1::hasNext (10 bytes)
Event: 1149.020 Thread 0x00007f17c40b21e0 nmethod 6243 0x00007f17b3196e90 code [0x00007f17b31970a0, 0x00007f17b31972f0]
Event: 1149.020 Thread 0x00007f17c40b21e0 6246       4       jdk.internal.reflect.UTF8::utf8Length (81 bytes)
Event: 1150.324 Thread 0x00007f17c40b21e0 nmethod 6246 0x00007f17b3197510 code [0x00007f17b31976a0, 0x00007f17b3197900]
Event: 1150.325 Thread 0x00007f17c40b21e0 6245       4       java.util.HashMap$EntryIterator::next (5 bytes)
Event: 1151.554 Thread 0x00007f17c40b21e0 nmethod 6245 0x00007f17b3197b90 code [0x00007f17b3197d20, 0x00007f17b3197f00]
Event: 1151.554 Thread 0x00007f17c40b21e0 6244       4       java.util.AbstractCollection::isEmpty (13 bytes)
Event: 1151.557 Thread 0x00007f17c40b21e0 nmethod 6244 0x00007f17b3198090 code [0x00007f17b3198200, 0x00007f17b31982e0]
Event: 1157.056 Thread 0x00007f17c40b21e0 6247   !   4       jdk.internal.reflect.UTF8::encode (191 bytes)

GC Heap History (20 events):
Event: 1155.625 GC heap before
{Heap before GC invocations=883 (full 776):
 PSYoungGen      total 38912K, used 21810K [0x00000000f5580000, 0x00000000faf80000, 0x0000000100000000)
  eden space 21504K, 99% used [0x00000000f5580000,0x00000000f6a7fff8,0x00000000f6a80000)
  from space 17408K, 1% used [0x00000000f8c80000,0x00000000f8ccc840,0x00000000f9d80000)
  to   space 34816K, 0% used [0x00000000f6a80000,0x00000000f6a80000,0x00000000f8c80000)
 ParOldGen       total 349696K, used 349692K [0x00000000e0000000, 0x00000000f5580000, 0x00000000f5580000)
  object space 349696K, 99% used [0x00000000e0000000,0x00000000f557f2f8,0x00000000f5580000)
 Metaspace       used 47407K, committed 48192K, reserved 1097728K
  class space    used 4757K, committed 5056K, reserved 1048576K
}
Event: 1157.056 GC heap after
{Heap after GC invocations=883 (full 776):
 PSYoungGen      total 38912K, used 21810K [0x00000000f5580000, 0x00000000faf80000, 0x0000000100000000)
  eden space 21504K, 99% used [0x00000000f5580000,0x00000000f6a7fff8,0x00000000f6a80000)
  from space 17408K, 1% used [0x00000000f8c80000,0x00000000f8ccc840,0x00000000f9d80000)
  to   space 34816K, 0% used [0x00000000f6a80000,0x00000000f6a80000,0x00000000f8c80000)
 ParOldGen       total 349696K, used 349692K [0x00000000e0000000, 0x00000000f5580000, 0x00000000f5580000)
  object space 349696K, 99% used [0x00000000e0000000,0x00000000f557f2f8,0x00000000f5580000)
 Metaspace       used 47407K, committed 48192K, reserved 1097728K
  class space    used 4757K, committed 5056K, reserved 1048576K
}
Event: 1157.059 GC heap before
{Heap before GC invocations=884 (full 777):
 PSYoungGen      total 38912K, used 21810K [0x00000000f5580000, 0x00000000faf80000, 0x0000000100000000)
  eden space 21504K, 99% used [0x00000000f5580000,0x00000000f6a7fff8,0x00000000f6a80000)
  from space 17408K, 1% used [0x00000000f8c80000,0x00000000f8ccc840,0x00000000f9d80000)
  to   space 34816K, 0% used [0x00000000f6a80000,0x00000000f6a80000,0x00000000f8c80000)
 ParOldGen       total 349696K, used 349695K [0x00000000e0000000, 0x00000000f5580000, 0x00000000f5580000)
  object space 349696K, 99% used [0x00000000e0000000,0x00000000f557ffa0,0x00000000f5580000)
 Metaspace       used 47409K, committed 48192K, reserved 1097728K
  class space    used 4757K, committed 5056K, reserved 1048576K
}
Event: 1158.613 GC heap after
{Heap after GC invocations=884 (full 777):
 PSYoungGen      total 38912K, used 21810K [0x00000000f5580000, 0x00000000faf80000, 0x0000000100000000)
  eden space 21504K, 99% used [0x00000000f5580000,0x00000000f6a7fff8,0x00000000f6a80000)
  from space 17408K, 1% used [0x00000000f8c80000,0x00000000f8ccc840,0x00000000f9d80000)
  to   space 34816K, 0% used [0x00000000f6a80000,0x00000000f6a80000,0x00000000f8c80000)
 ParOldGen       total 349696K, used 349693K [0x00000000e0000000, 0x00000000f5580000, 0x00000000f5580000)
  object space 349696K, 99% used [0x00000000e0000000,0x00000000f557f4f8,0x00000000f5580000)
 Metaspace       used 47409K, committed 48192K, reserved 1097728K
  class space    used 4757K, committed 5056K, reserved 1048576K
}
Event: 1158.617 GC heap before
{Heap before GC invocations=885 (full 778):
 PSYoungGen      total 38912K, used 21810K [0x00000000f5580000, 0x00000000faf80000, 0x0000000100000000)
  eden space 21504K, 99% used [0x00000000f5580000,0x00000000f6a7fff8,0x00000000f6a80000)
  from space 17408K, 1% used [0x00000000f8c80000,0x00000000f8ccc840,0x00000000f9d80000)
  to   space 34816K, 0% used [0x00000000f6a80000,0x00000000f6a80000,0x00000000f8c80000)
 ParOldGen       total 349696K, used 349694K [0x00000000e0000000, 0x00000000f5580000, 0x00000000f5580000)
  object space 349696K, 99% used [0x00000000e0000000,0x00000000f557fad8,0x00000000f5580000)
 Metaspace       used 47410K, committed 48192K, reserved 1097728K
  class space    used 4757K, committed 5056K, reserved 1048576K
}
Event: 1159.918 GC heap after
{Heap after GC invocations=885 (full 778):
 PSYoungGen      total 38912K, used 21810K [0x00000000f5580000, 0x00000000faf80000, 0x0000000100000000)
  eden space 21504K, 99% used [0x00000000f5580000,0x00000000f6a7fff8,0x00000000f6a80000)
  from space 17408K, 1% used [0x00000000f8c80000,0x00000000f8ccc840,0x00000000f9d80000)
  to   space 34816K, 0% used [0x00000000f6a80000,0x00000000f6a80000,0x00000000f8c80000)
 ParOldGen       total 349696K, used 349692K [0x00000000e0000000, 0x00000000f5580000, 0x00000000f5580000)
  object space 349696K, 99% used [0x00000000e0000000,0x00000000f557f308,0x00000000f5580000)
 Metaspace       used 47410K, committed 48192K, reserved 1097728K
  class space    used 4757K, committed 5056K, reserved 1048576K
}
Event: 1159.918 GC heap before
{Heap before GC invocations=886 (full 779):
 PSYoungGen      total 38912K, used 21810K [0x00000000f5580000, 0x00000000faf80000, 0x0000000100000000)
  eden space 21504K, 99% used [0x00000000f5580000,0x00000000f6a7fff8,0x00000000f6a80000)
  from space 17408K, 1% used [0x00000000f8c80000,0x00000000f8ccc840,0x00000000f9d80000)
  to   space 34816K, 0% used [0x00000000f6a80000,0x00000000f6a80000,0x00000000f8c80000)
 ParOldGen       total 349696K, used 349695K [0x00000000e0000000, 0x00000000f5580000, 0x00000000f5580000)
  object space 349696K, 99% used [0x00000000e0000000,0x00000000f557ff90,0x00000000f5580000)
 Metaspace       used 47410K, committed 48192K, reserved 1097728K
  class space    used 4757K, committed 5056K, reserved 1048576K
}
Event: 1161.430 GC heap after
{Heap after GC invocations=886 (full 779):
 PSYoungGen      total 38912K, used 21810K [0x00000000f5580000, 0x00000000faf80000, 0x0000000100000000)
  eden space 21504K, 99% used [0x00000000f5580000,0x00000000f6a7fff8,0x00000000f6a80000)
  from space 17408K, 1% used [0x00000000f8c80000,0x00000000f8ccc840,0x00000000f9d80000)
  to   space 34816K, 0% used [0x00000000f6a80000,0x00000000f6a80000,0x00000000f8c80000)
 ParOldGen       total 349696K, used 349695K [0x00000000e0000000, 0x00000000f5580000, 0x00000000f5580000)
  object space 349696K, 99% used [0x00000000e0000000,0x00000000f557ff90,0x00000000f5580000)
 Metaspace       used 47410K, committed 48192K, reserved 1097728K
  class space    used 4757K, committed 5056K, reserved 1048576K
}
Event: 1161.433 GC heap before
{Heap before GC invocations=887 (full 780):
 PSYoungGen      total 38912K, used 21810K [0x00000000f5580000, 0x00000000faf80000, 0x0000000100000000)
  eden space 21504K, 99% used [0x00000000f5580000,0x00000000f6a7fff8,0x00000000f6a80000)
  from space 17408K, 1% used [0x00000000f8c80000,0x00000000f8ccc840,0x00000000f9d80000)
  to   space 34816K, 0% used [0x00000000f6a80000,0x00000000f6a80000,0x00000000f8c80000)
 ParOldGen       total 349696K, used 349696K [0x00000000e0000000, 0x00000000f5580000, 0x00000000f5580000)
  object space 349696K, 100% used [0x00000000e0000000,0x00000000f5580000,0x00000000f5580000)
 Metaspace       used 47410K, committed 48192K, reserved 1097728K
  class space    used 4757K, committed 5056K, reserved 1048576K
}
Event: 1162.793 GC heap after
{Heap after GC invocations=887 (full 780):
 PSYoungGen      total 38912K, used 21810K [0x00000000f5580000, 0x00000000faf80000, 0x0000000100000000)
  eden space 21504K, 99% used [0x00000000f5580000,0x00000000f6a7fff8,0x00000000f6a80000)
  from space 17408K, 1% used [0x00000000f8c80000,0x00000000f8ccc840,0x00000000f9d80000)
  to   space 34816K, 0% used [0x00000000f6a80000,0x00000000f6a80000,0x00000000f8c80000)
 ParOldGen       total 349696K, used 349696K [0x00000000e0000000, 0x00000000f5580000, 0x00000000f5580000)
  object space 349696K, 100% used [0x00000000e0000000,0x00000000f5580000,0x00000000f5580000)
 Metaspace       used 47410K, committed 48192K, reserved 1097728K
  class space    used 4757K, committed 5056K, reserved 1048576K
}
Event: 1162.793 GC heap before
{Heap before GC invocations=888 (full 781):
 PSYoungGen      total 38912K, used 21810K [0x00000000f5580000, 0x00000000faf80000, 0x0000000100000000)
  eden space 21504K, 99% used [0x00000000f5580000,0x00000000f6a7fff8,0x00000000f6a80000)
  from space 17408K, 1% used [0x00000000f8c80000,0x00000000f8ccc840,0x00000000f9d80000)
  to   space 34816K, 0% used [0x00000000f6a80000,0x00000000f6a80000,0x00000000f8c80000)
 ParOldGen       total 349696K, used 349696K [0x00000000e0000000, 0x00000000f5580000, 0x00000000f5580000)
  object space 349696K, 100% used [0x00000000e0000000,0x00000000f5580000,0x00000000f5580000)
 Metaspace       used 47410K, committed 48192K, reserved 1097728K
  class space    used 4757K, committed 5056K, reserved 1048576K
}
Event: 1164.281 GC heap after
{Heap after GC invocations=888 (full 781):
 PSYoungGen      total 38912K, used 21809K [0x00000000f5580000, 0x00000000faf80000, 0x0000000100000000)
  eden space 21504K, 99% used [0x00000000f5580000,0x00000000f6a7fea0,0x00000000f6a80000)
  from space 17408K, 1% used [0x00000000f8c80000,0x00000000f8ccc840,0x00000000f9d80000)
  to   space 34816K, 0% used [0x00000000f6a80000,0x00000000f6a80000,0x00000000f8c80000)
 ParOldGen       total 349696K, used 349689K [0x00000000e0000000, 0x00000000f5580000, 0x00000000f5580000)
  object space 349696K, 99% used [0x00000000e0000000,0x00000000f557e668,0x00000000f5580000)
 Metaspace       used 47410K, committed 48192K, reserved 1097728K
  class space    used 4757K, committed 5056K, reserved 1048576K
}
Event: 1164.285 GC heap before
{Heap before GC invocations=889 (full 782):
 PSYoungGen      total 38912K, used 21810K [0x00000000f5580000, 0x00000000faf80000, 0x0000000100000000)
  eden space 21504K, 99% used [0x00000000f5580000,0x00000000f6a7fff8,0x00000000f6a80000)
  from space 17408K, 1% used [0x00000000f8c80000,0x00000000f8ccc840,0x00000000f9d80000)
  to   space 34816K, 0% used [0x00000000f6a80000,0x00000000f6a80000,0x00000000f8c80000)
 ParOldGen       total 349696K, used 349692K [0x00000000e0000000, 0x00000000f5580000, 0x00000000f5580000)
  object space 349696K, 99% used [0x00000000e0000000,0x00000000f557f108,0x00000000f5580000)
 Metaspace       used 47410K, committed 48192K, reserved 1097728K
  class space    used 4757K, committed 5056K, reserved 1048576K
}
Event: 1165.628 GC heap after
{Heap after GC invocations=889 (full 782):
 PSYoungGen      total 38912K, used 21810K [0x00000000f5580000, 0x00000000faf80000, 0x0000000100000000)
  eden space 21504K, 99% used [0x00000000f5580000,0x00000000f6a7fff8,0x00000000f6a80000)
  from space 17408K, 1% used [0x00000000f8c80000,0x00000000f8ccc840,0x00000000f9d80000)
  to   space 34816K, 0% used [0x00000000f6a80000,0x00000000f6a80000,0x00000000f8c80000)
 ParOldGen       total 349696K, used 349692K [0x00000000e0000000, 0x00000000f5580000, 0x00000000f5580000)
  object space 349696K, 99% used [0x00000000e0000000,0x00000000f557f108,0x00000000f5580000)
 Metaspace       used 47410K, committed 48192K, reserved 1097728K
  class space    used 4757K, committed 5056K, reserved 1048576K
}
Event: 1165.629 GC heap before
{Heap before GC invocations=890 (full 783):
 PSYoungGen      total 38912K, used 21810K [0x00000000f5580000, 0x00000000faf80000, 0x0000000100000000)
  eden space 21504K, 99% used [0x00000000f5580000,0x00000000f6a7fff8,0x00000000f6a80000)
  from space 17408K, 1% used [0x00000000f8c80000,0x00000000f8ccc840,0x00000000f9d80000)
  to   space 34816K, 0% used [0x00000000f6a80000,0x00000000f6a80000,0x00000000f8c80000)
 ParOldGen       total 349696K, used 349694K [0x00000000e0000000, 0x00000000f5580000, 0x00000000f5580000)
  object space 349696K, 99% used [0x00000000e0000000,0x00000000f557f948,0x00000000f5580000)
 Metaspace       used 47410K, committed 48192K, reserved 1097728K
  class space    used 4757K, committed 5056K, reserved 1048576K
}
Event: 1166.951 GC heap after
{Heap after GC invocations=890 (full 783):
 PSYoungGen      total 38912K, used 21810K [0x00000000f5580000, 0x00000000faf80000, 0x0000000100000000)
  eden space 21504K, 99% used [0x00000000f5580000,0x00000000f6a7fff8,0x00000000f6a80000)
  from space 17408K, 1% used [0x00000000f8c80000,0x00000000f8ccc840,0x00000000f9d80000)
  to   space 34816K, 0% used [0x00000000f6a80000,0x00000000f6a80000,0x00000000f8c80000)
 ParOldGen       total 349696K, used 349693K [0x00000000e0000000, 0x00000000f5580000, 0x00000000f5580000)
  object space 349696K, 99% used [0x00000000e0000000,0x00000000f557f7f8,0x00000000f5580000)
 Metaspace       used 47410K, committed 48192K, reserved 1097728K
  class space    used 4757K, committed 5056K, reserved 1048576K
}
Event: 1166.954 GC heap before
{Heap before GC invocations=891 (full 784):
 PSYoungGen      total 38912K, used 21810K [0x00000000f5580000, 0x00000000faf80000, 0x0000000100000000)
  eden space 21504K, 99% used [0x00000000f5580000,0x00000000f6a7fff8,0x00000000f6a80000)
  from space 17408K, 1% used [0x00000000f8c80000,0x00000000f8ccc840,0x00000000f9d80000)
  to   space 34816K, 0% used [0x00000000f6a80000,0x00000000f6a80000,0x00000000f8c80000)
 ParOldGen       total 349696K, used 349694K [0x00000000e0000000, 0x00000000f5580000, 0x00000000f5580000)
  object space 349696K, 99% used [0x00000000e0000000,0x00000000f557fa20,0x00000000f5580000)
 Metaspace       used 47410K, committed 48192K, reserved 1097728K
  class space    used 4757K, committed 5056K, reserved 1048576K
}
Event: 1168.398 GC heap after
{Heap after GC invocations=891 (full 784):
 PSYoungGen      total 38912K, used 21810K [0x00000000f5580000, 0x00000000faf80000, 0x0000000100000000)
  eden space 21504K, 99% used [0x00000000f5580000,0x00000000f6a7fff8,0x00000000f6a80000)
  from space 17408K, 1% used [0x00000000f8c80000,0x00000000f8ccc840,0x00000000f9d80000)
  to   space 34816K, 0% used [0x00000000f6a80000,0x00000000f6a80000,0x00000000f8c80000)
 ParOldGen       total 349696K, used 349693K [0x00000000e0000000, 0x00000000f5580000, 0x00000000f5580000)
  object space 349696K, 99% used [0x00000000e0000000,0x00000000f557f7f0,0x00000000f5580000)
 Metaspace       used 47410K, committed 48192K, reserved 1097728K
  class space    used 4757K, committed 5056K, reserved 1048576K
}
Event: 1168.398 GC heap before
{Heap before GC invocations=892 (full 785):
 PSYoungGen      total 38912K, used 21810K [0x00000000f5580000, 0x00000000faf80000, 0x0000000100000000)
  eden space 21504K, 99% used [0x00000000f5580000,0x00000000f6a7fff8,0x00000000f6a80000)
  from space 17408K, 1% used [0x00000000f8c80000,0x00000000f8ccc840,0x00000000f9d80000)
  to   space 34816K, 0% used [0x00000000f6a80000,0x00000000f6a80000,0x00000000f8c80000)
 ParOldGen       total 349696K, used 349693K [0x00000000e0000000, 0x00000000f5580000, 0x00000000f5580000)
  object space 349696K, 99% used [0x00000000e0000000,0x00000000f557f7f0,0x00000000f5580000)
 Metaspace       used 47410K, committed 48192K, reserved 1097728K
  class space    used 4757K, committed 5056K, reserved 1048576K
}
Event: 1170.200 GC heap after
{Heap after GC invocations=892 (full 785):
 PSYoungGen      total 38912K, used 21810K [0x00000000f5580000, 0x00000000faf80000, 0x0000000100000000)
  eden space 21504K, 99% used [0x00000000f5580000,0x00000000f6a7fff8,0x00000000f6a80000)
  from space 17408K, 1% used [0x00000000f8c80000,0x00000000f8ccc840,0x00000000f9d80000)
  to   space 34816K, 0% used [0x00000000f6a80000,0x00000000f6a80000,0x00000000f8c80000)
 ParOldGen       total 349696K, used 349693K [0x00000000e0000000, 0x00000000f5580000, 0x00000000f5580000)
  object space 349696K, 99% used [0x00000000e0000000,0x00000000f557f7f0,0x00000000f5580000)
 Metaspace       used 47410K, committed 48192K, reserved 1097728K
  class space    used 4757K, committed 5056K, reserved 1048576K
}

Dll operation events (8 events):
Event: 0.002 Loaded shared library /nix/store/gpxl5qgg8kicmcvivwmybwjlpf7wh20l-graalvm17-ce-22.3.0/lib/libjava.so
Event: 0.010 Loaded shared library /nix/store/gpxl5qgg8kicmcvivwmybwjlpf7wh20l-graalvm17-ce-22.3.0/lib/libjsvml.so
Event: 0.791 Loaded shared library /nix/store/gpxl5qgg8kicmcvivwmybwjlpf7wh20l-graalvm17-ce-22.3.0/lib/libnio.so
Event: 0.794 Loaded shared library /nix/store/gpxl5qgg8kicmcvivwmybwjlpf7wh20l-graalvm17-ce-22.3.0/lib/libjvmcicompiler.so
Event: 0.799 Loaded shared library /nix/store/gpxl5qgg8kicmcvivwmybwjlpf7wh20l-graalvm17-ce-22.3.0/lib/libzip.so
Event: 1.609 Loaded shared library /nix/store/gpxl5qgg8kicmcvivwmybwjlpf7wh20l-graalvm17-ce-22.3.0/lib/libjimage.so
Event: 5.156 Loaded shared library /nix/store/gpxl5qgg8kicmcvivwmybwjlpf7wh20l-graalvm17-ce-22.3.0/lib/libnet.so
Event: 8.218 Loaded shared library /home/runner/.cache/jdt-language-server/config/org.eclipse.equinox.launcher/org.eclipse.equinox.launcher.gtk.linux.x86_64_1.2.400.v20211117-0650/eclipse_11600.so

Deoptimization events (20 events):
Event: 92.441 Thread 0x00007f175c63eee0 DEOPT PACKING pc=0x00007f17abfb4205 sp=0x00007f17a83fe530
Event: 92.441 Thread 0x00007f175c63eee0 DEOPT UNPACKING pc=0x00007f17ab505325 sp=0x00007f17a83fda20 mode 0
Event: 92.445 Thread 0x00007f175c63eee0 DEOPT PACKING pc=0x00007f17abfb4205 sp=0x00007f17a83fe530
Event: 92.445 Thread 0x00007f175c63eee0 DEOPT UNPACKING pc=0x00007f17ab505325 sp=0x00007f17a83fda20 mode 0
Event: 92.510 Thread 0x00007f175c63eee0 DEOPT PACKING pc=0x00007f17abfb4205 sp=0x00007f17a83fe530
Event: 92.510 Thread 0x00007f175c63eee0 DEOPT UNPACKING pc=0x00007f17ab505325 sp=0x00007f17a83fda20 mode 0
Event: 92.519 Thread 0x00007f175c63eee0 DEOPT PACKING pc=0x00007f17abfb4205 sp=0x00007f17a83fe530
Event: 92.531 Thread 0x00007f175c63eee0 DEOPT UNPACKING pc=0x00007f17ab505325 sp=0x00007f17a83fda20 mode 0
Event: 92.543 Thread 0x00007f175c63eee0 DEOPT PACKING pc=0x00007f17abfb4205 sp=0x00007f17a83fe530
Event: 92.543 Thread 0x00007f175c63eee0 DEOPT UNPACKING pc=0x00007f17ab505325 sp=0x00007f17a83fda20 mode 0
Event: 92.632 Thread 0x00007f175c63eee0 DEOPT PACKING pc=0x00007f17abfb4205 sp=0x00007f17a83fe530
Event: 92.632 Thread 0x00007f175c63eee0 DEOPT UNPACKING pc=0x00007f17ab505325 sp=0x00007f17a83fda20 mode 0
Event: 92.643 Thread 0x00007f175c63eee0 DEOPT PACKING pc=0x00007f17abfb4205 sp=0x00007f17a83fe530
Event: 92.643 Thread 0x00007f175c63eee0 DEOPT UNPACKING pc=0x00007f17ab505325 sp=0x00007f17a83fda20 mode 0
Event: 92.646 Thread 0x00007f175c63eee0 DEOPT PACKING pc=0x00007f17abfb4205 sp=0x00007f17a83fe530
Event: 92.646 Thread 0x00007f175c63eee0 DEOPT UNPACKING pc=0x00007f17ab505325 sp=0x00007f17a83fda20 mode 0
Event: 92.648 Thread 0x00007f175c63eee0 DEOPT PACKING pc=0x00007f17abfb4205 sp=0x00007f17a83fe530
Event: 92.648 Thread 0x00007f175c63eee0 DEOPT UNPACKING pc=0x00007f17ab505325 sp=0x00007f17a83fda20 mode 0
Event: 725.950 Thread 0x00007f17c40b21e0 DEOPT PACKING pc=0x00007f17ac316670 sp=0x00007f17c8917ef0
Event: 725.950 Thread 0x00007f17c40b21e0 DEOPT UNPACKING pc=0x00007f17ab505325 sp=0x00007f17c8917458 mode 0

Classes unloaded (20 events):
Event: 164.501 Thread 0x00007f17c40a1bf0 Unloading class 0x0000000800d90800 'java/lang/invoke/LambdaForm$MH+0x0000000800d90800'
Event: 164.501 Thread 0x00007f17c40a1bf0 Unloading class 0x0000000800d90400 'java/lang/invoke/LambdaForm$MH+0x0000000800d90400'
Event: 164.501 Thread 0x00007f17c40a1bf0 Unloading class 0x0000000800d90000 'java/lang/invoke/LambdaForm$MH+0x0000000800d90000'
Event: 164.501 Thread 0x00007f17c40a1bf0 Unloading class 0x0000000800cb2c00 'java/lang/invoke/LambdaForm$MH+0x0000000800cb2c00'
Event: 164.501 Thread 0x00007f17c40a1bf0 Unloading class 0x0000000800cb2400 'java/lang/invoke/LambdaForm$MH+0x0000000800cb2400'
Event: 164.501 Thread 0x00007f17c40a1bf0 Unloading class 0x0000000800cb2000 'java/lang/invoke/LambdaForm$MH+0x0000000800cb2000'
Event: 164.501 Thread 0x00007f17c40a1bf0 Unloading class 0x0000000800cb1c00 'java/lang/invoke/LambdaForm$MH+0x0000000800cb1c00'
Event: 164.501 Thread 0x00007f17c40a1bf0 Unloading class 0x0000000800cb1400 'java/lang/invoke/LambdaForm$MH+0x0000000800cb1400'
Event: 164.501 Thread 0x00007f17c40a1bf0 Unloading class 0x0000000800cb1000 'java/lang/invoke/LambdaForm$MH+0x0000000800cb1000'
Event: 164.501 Thread 0x00007f17c40a1bf0 Unloading class 0x0000000800cb0c00 'java/lang/invoke/LambdaForm$MH+0x0000000800cb0c00'
Event: 164.501 Thread 0x00007f17c40a1bf0 Unloading class 0x0000000800cb0000 'java/lang/invoke/LambdaForm$MH+0x0000000800cb0000'
Event: 186.918 Thread 0x00007f17c40a1bf0 Unloading class 0x000000080102c800 'jdk/internal/reflect/GeneratedSerializationConstructorAccessor4'
Event: 186.918 Thread 0x00007f17c40a1bf0 Unloading class 0x0000000800e00c00 'jdk/internal/reflect/GeneratedSerializationConstructorAccessor3'
Event: 186.918 Thread 0x00007f17c40a1bf0 Unloading class 0x0000000800e00800 'jdk/internal/reflect/GeneratedSerializationConstructorAccessor2'
Event: 186.918 Thread 0x00007f17c40a1bf0 Unloading class 0x0000000800e00400 'jdk/internal/reflect/GeneratedSerializationConstructorAccessor1'
Event: 190.729 Thread 0x00007f17c40a1bf0 Unloading class 0x0000000801041400 'jdk/internal/reflect/GeneratedConstructorAccessor27'
Event: 190.729 Thread 0x00007f17c40a1bf0 Unloading class 0x0000000801041000 'jdk/internal/reflect/GeneratedConstructorAccessor26'
Event: 190.729 Thread 0x00007f17c40a1bf0 Unloading class 0x0000000801040c00 'jdk/internal/reflect/GeneratedConstructorAccessor25'
Event: 190.729 Thread 0x00007f17c40a1bf0 Unloading class 0x0000000801040800 'jdk/internal/reflect/GeneratedConstructorAccessor24'
Event: 190.729 Thread 0x00007f17c40a1bf0 Unloading class 0x0000000801040400 'jdk/internal/reflect/GeneratedConstructorAccessor23'

Classes redefined (0 events):
No events

Internal exceptions (20 events):
Event: 41.995 Thread 0x00007f174800f130 Exception <a 'sun/nio/fs/UnixException'{0x00000000f62cc760}> (0x00000000f62cc760) 
thrown [src/hotspot/share/prims/jni.cpp, line 516]
Event: 41.995 Thread 0x00007f174800f130 Exception <a 'sun/nio/fs/UnixException'{0x00000000f62cd2f0}> (0x00000000f62cd2f0) 
thrown [src/hotspot/share/prims/jni.cpp, line 516]
Event: 41.998 Thread 0x00007f174800f130 Exception <a 'sun/nio/fs/UnixException'{0x00000000f62d3730}> (0x00000000f62d3730) 
thrown [src/hotspot/share/prims/jni.cpp, line 516]
Event: 42.506 Thread 0x00007f174800f130 Exception <a 'java/lang/NoSuchMethodError'{0x00000000f654c5d8}: 'int java.lang.invoke.DirectMethodHandle$Holder.invokeVirtual(java.lang.Object, java.lang.Object)'> (0x00000000f654c5d8) 
thrown [src/hotspot/share/interpreter/linkResolver.cpp, line 758]
Event: 42.928 Thread 0x00007f174800f130 Implicit null exception at 0x00007f17b307dee9 to 0x00007f17b307e09b
Event: 42.932 Thread 0x00007f174800f130 Exception <a 'java/lang/NoSuchMethodError'{0x00000000f6723c90}: 'int java.lang.invoke.DirectMethodHandle$Holder.invokeVirtual(java.lang.Object, java.lang.Object, java.lang.Object)'> (0x00000000f6723c90) 
thrown [src/hotspot/share/interpreter/linkResolver.cpp, line 758]
Event: 43.113 Thread 0x00007f175c63eee0 Implicit null exception at 0x00007f17b30b7630 to 0x00007f17b30b76d7
Event: 44.253 Thread 0x00007f174800f130 Exception <a 'sun/nio/fs/UnixException'{0x00000000f5653138}> (0x00000000f5653138) 
thrown [src/hotspot/share/prims/jni.cpp, line 516]
Event: 44.510 Thread 0x00007f174800f130 Exception <a 'sun/nio/fs/UnixException'{0x00000000f6541b38}> (0x00000000f6541b38) 
thrown [src/hotspot/share/prims/jni.cpp, line 516]
Event: 44.623 Thread 0x00007f174800f130 Exception <a 'sun/nio/fs/UnixException'{0x00000000f69f3b80}> (0x00000000f69f3b80) 
thrown [src/hotspot/share/prims/jni.cpp, line 516]
Event: 44.833 Thread 0x00007f175c49c6b0 Exception <a 'java/lang/NoSuchMethodError'{0x00000000f55da178}: 'java.lang.Object java.lang.invoke.DirectMethodHandle$Holder.invokeStatic(java.lang.Object, java.lang.Object, java.lang.Object, long)'> (0x00000000f55da178) 
thrown [src/hotspot/share/interpreter/linkResolver.cpp, line 758]
Event: 44.870 Thread 0x00007f175c49c6b0 Exception <a 'java/lang/NoSuchMethodError'{0x00000000f56d1040}: 'java.lang.Object java.lang.invoke.DirectMethodHandle$Holder.newInvokeSpecial(java.lang.Object, java.lang.Object, java.lang.Object, long)'> (0x00000000f56d1040) 
thrown [src/hotspot/share/interpreter/linkResolver.cpp, line 758]
Event: 44.873 Thread 0x00007f175c49c6b0 Exception <a 'java/lang/NoSuchMethodError'{0x00000000f56d58c8}: 'java.lang.Object java.lang.invoke.DirectMethodHandle$Holder.invokeSpecial(java.lang.Object, java.lang.Object, java.lang.Object, java.lang.Object, long)'> (0x00000000f56d58c8) 
thrown [src/hotspot/share/interpreter/linkResolver.cpp, line 758]
Event: 44.877 Thread 0x00007f175c49c6b0 Exception <a 'java/lang/NoSuchMethodError'{0x00000000f56d9688}: 'java.lang.Object java.lang.invoke.Invokers$Holder.linkToTargetMethod(java.lang.Object, java.lang.Object, long, java.lang.Object)'> (0x00000000f56d9688) 
thrown [src/hotspot/share/interpreter/linkResolver.cpp, line 758]
Event: 46.543 Thread 0x00007f17480010d0 Exception <a 'java/lang/NoSuchMethodError'{0x00000000f67725a8}: 'int java.lang.invoke.DirectMethodHandle$Holder.invokeSpecial(java.lang.Object, java.lang.Object, java.lang.Object)'> (0x00000000f67725a8) 
thrown [src/hotspot/share/interpreter/linkResolver.cpp, line 758]
Event: 47.202 Thread 0x00007f17480010d0 Exception <a 'java/lang/NoSuchMethodError'{0x00000000f673a730}: 'int java.lang.invoke.DirectMethodHandle$Holder.invokeStatic(java.lang.Object, java.lang.Object, java.lang.Object, int)'> (0x00000000f673a730) 
thrown [src/hotspot/share/interpreter/linkResolver.cpp, line 758]
Event: 51.390 Thread 0x00007f173c1e6610 Exception <a 'java/lang/NoSuchMethodError'{0x00000000f5619ee8}: 'java.lang.Object java.lang.invoke.DirectMethodHandle$Holder.invokeStatic(java.lang.Object, int, java.lang.Object, java.lang.Object, java.lang.Object, java.lang.Object)'> (0x00000000f5619ee8) 
thrown [src/hotspot/share/interpreter/linkResolver.cpp, line 758]
Event: 51.696 Thread 0x00007f173c1e6610 Exception <a 'java/lang/NoSuchMethodError'{0x00000000f6061a98}: 'void java.lang.invoke.DirectMethodHandle$Holder.invokeSpecial(java.lang.Object, java.lang.Object, int)'> (0x00000000f6061a98) 
thrown [src/hotspot/share/interpreter/linkResolver.cpp, line 758]
Event: 53.093 Thread 0x00007f173c1e6610 Exception <a 'java/lang/NoSuchMethodError'{0x00000000f5635420}: 'int java.lang.invoke.DirectMethodHandle$Holder.invokeSpecialIFC(java.lang.Object, java.lang.Object, java.lang.Object, java.lang.Object)'> (0x00000000f5635420) 
thrown [src/hotspot/share/interpreter/linkResolver.cpp, line 758]
Event: 1170.200 Thread 0x00007f17c40b21e0 Exception <a 'java/lang/OutOfMemoryError'{0x00000000e00d0cf0}> (0x00000000e00d0cf0) 
thrown [src/hotspot/share/gc/shared/memAllocator.cpp, line 136]

VM Operations (20 events):
Event: 1152.941 Executing VM operation: ParallelGCFailedAllocation
Event: 1154.320 Executing VM operation: ParallelGCFailedAllocation done
Event: 1154.325 Executing VM operation: ParallelGCFailedAllocation
Event: 1155.625 Executing VM operation: ParallelGCFailedAllocation done
Event: 1155.625 Executing VM operation: ParallelGCFailedAllocation
Event: 1157.056 Executing VM operation: ParallelGCFailedAllocation done
Event: 1157.058 Executing VM operation: ParallelGCFailedAllocation
Event: 1158.615 Executing VM operation: ParallelGCFailedAllocation done
Event: 1158.615 Executing VM operation: ParallelGCFailedAllocation
Event: 1159.918 Executing VM operation: ParallelGCFailedAllocation done
Event: 1159.918 Executing VM operation: ParallelGCFailedAllocation
Event: 1161.430 Executing VM operation: ParallelGCFailedAllocation done
Event: 1161.430 Executing VM operation: ParallelGCFailedAllocation
Event: 1164.281 Executing VM operation: ParallelGCFailedAllocation done
Event: 1164.281 Executing VM operation: ParallelGCFailedAllocation
Event: 1165.628 Executing VM operation: ParallelGCFailedAllocation done
Event: 1165.628 Executing VM operation: ParallelGCFailedAllocation
Event: 1166.951 Executing VM operation: ParallelGCFailedAllocation done
Event: 1166.954 Executing VM operation: ParallelGCFailedAllocation
Event: 1170.200 Executing VM operation: ParallelGCFailedAllocation done

Events (20 events):
Event: 50.006 Thread 0x00007f17c40b4b40 flushing nmethod 0x00007f17ac57c290
Event: 50.006 Thread 0x00007f17c40b4b40 flushing nmethod 0x00007f17ac581d10
Event: 50.006 Thread 0x00007f17c40b4b40 flushing nmethod 0x00007f17ac597a10
Event: 50.006 Thread 0x00007f17c40b4b40 flushing nmethod 0x00007f17ac59ec10
Event: 50.006 Thread 0x00007f17c40b4b40 flushing nmethod 0x00007f17ac5a9e10
Event: 50.007 Thread 0x00007f17c40b4b40 flushing nmethod 0x00007f17ac612a90
Event: 52.200 loading class java/util/AbstractList$SubList
Event: 52.200 loading class java/util/AbstractList$SubList done
Event: 53.103 Thread 0x00007f173c1e6610 Thread exited: 0x00007f173c1e6610
Event: 63.397 Thread 0x00007f17c41efb20 Thread exited: 0x00007f17c41efb20
Event: 83.945 Thread 0x00007f17c40b4b40 flushing nmethod 0x00007f17ac4b6190
Event: 107.814 Thread 0x00007f174800f130 Thread exited: 0x00007f174800f130
Event: 124.090 Thread 0x00007f175c49c6b0 Thread exited: 0x00007f175c49c6b0
Event: 330.778 Thread 0x00007f174c2f47b0 Thread added: 0x00007f174c2f47b0
Event: 330.778 Protecting memory [0x00007f17a8700000,0x00007f17a8704000] with protection modes 0
Event: 611.500 Thread 0x00007f173c1e6610 Thread added: 0x00007f173c1e6610
Event: 611.500 Protecting memory [0x00007f17a8e00000,0x00007f17a8e04000] with protection modes 0
Event: 959.319 Thread 0x00007f174800f130 Thread added: 0x00007f174800f130
Event: 959.319 Protecting memory [0x00007f1772700000,0x00007f1772704000] with protection modes 0
Event: 971.956 Thread 0x00007f174800f130 Thread exited: 0x00007f174800f130


Dynamic libraries:
e0000000-f5580000 rw-p 00000000 00:00 0 
f5580000-faf80000 rw-p 00000000 00:00 0 
faf80000-100000000 ---p 00000000 00:00 0 
800000000-800449000 rw-p 00001000 00:1c68 4611686019135357769            /nix/store/gpxl5qgg8kicmcvivwmybwjlpf7wh20l-graalvm17-ce-22.3.0/lib/server/classes.jsa
800449000-800bc8000 r--p 0044a000 00:1c68 4611686019135357769            /nix/store/gpxl5qgg8kicmcvivwmybwjlpf7wh20l-graalvm17-ce-22.3.0/lib/server/classes.jsa
800bc8000-800c00000 ---p 00000000 00:00 0 
800c00000-800c20000 rw-p 00000000 00:00 0 
800c20000-800c40000 rw-p 00000000 00:00 0 
800c40000-800cc0000 rw-p 00000000 00:00 0 
800cc0000-800d00000 rw-p 00000000 00:00 0 
800d00000-800dc0000 rw-p 00000000 00:00 0 
800dc0000-800e00000 rw-p 00000000 00:00 0 
800e00000-8010f0000 rw-p 00000000 00:00 0 
8010f0000-840c00000 ---p 00000000 00:00 0 
564a34482000-564a34483000 r-xp 00000000 00:1c68 4611686019099417844      /nix/store/gpxl5qgg8kicmcvivwmybwjlpf7wh20l-graalvm17-ce-22.3.0/bin/.java-wrapped
564a34484000-564a34485000 r--p 00001000 00:1c68 4611686019099417844      /nix/store/gpxl5qgg8kicmcvivwmybwjlpf7wh20l-graalvm17-ce-22.3.0/bin/.java-wrapped
564a34485000-564a34486000 rw-p 00002000 00:1c68 4611686019099417844      /nix/store/gpxl5qgg8kicmcvivwmybwjlpf7wh20l-graalvm17-ce-22.3.0/bin/.java-wrapped
564a34486000-564a34487000 rw-p 00004000 00:1c68 4611686019099417844      /nix/store/gpxl5qgg8kicmcvivwmybwjlpf7wh20l-graalvm17-ce-22.3.0/bin/.java-wrapped
564a34487000-564a34488000 rw-p 00005000 00:1c68 4611686019099417844      /nix/store/gpxl5qgg8kicmcvivwmybwjlpf7wh20l-graalvm17-ce-22.3.0/bin/.java-wrapped
564a349f7000-564a34a3f000 rw-p 00000000 00:00 0                          [heap]
7f1718000000-7f171805b000 rw-p 00000000 00:00 0 
7f171805b000-7f171c000000 ---p 00000000 00:00 0 
7f1720000000-7f172018d000 rw-p 00000000 00:00 0 
7f172018d000-7f1724000000 ---p 00000000 00:00 0 
7f17264b3000-7f1730000000 r--s 00000000 00:1c68 4611686019135192581      /nix/store/gpxl5qgg8kicmcvivwmybwjlpf7wh20l-graalvm17-ce-22.3.0/lib/modules
7f1730000000-7f1730108000 rw-p 00000000 00:00 0 
7f1730108000-7f1734000000 ---p 00000000 00:00 0 
7f1734000000-7f1734021000 rw-p 00000000 00:00 0 
7f1734021000-7f1738000000 ---p 00000000 00:00 0 
7f1738000000-7f1738021000 rw-p 00000000 00:00 0 
7f1738021000-7f173c000000 ---p 00000000 00:00 0 
7f173c000000-7f173c20c000 rw-p 00000000 00:00 0 
7f173c20c000-7f1740000000 ---p 00000000 00:00 0 
7f1740000000-7f1740074000 rw-p 00000000 00:00 0 
7f1740074000-7f1744000000 ---p 00000000 00:00 0 
7f1744000000-7f17440ea000 rw-p 00000000 00:00 0 
7f17440ea000-7f1748000000 ---p 00000000 00:00 0 
7f1748000000-7f174804b000 rw-p 00000000 00:00 0 
7f174804b000-7f174c000000 ---p 00000000 00:00 0 
7f174c000000-7f174c341000 rw-p 00000000 00:00 0 
7f174c341000-7f1750000000 ---p 00000000 00:00 0 
7f1750000000-7f1750021000 rw-p 00000000 00:00 0 
7f1750021000-7f1754000000 ---p 00000000 00:00 0 
7f1754000000-7f1754021000 rw-p 00000000 00:00 0 
7f1754021000-7f1758000000 ---p 00000000 00:00 0 
7f1758800000-7f1758ac0000 rw-p 00000000 00:00 0 
7f1758ac0000-7f1759000000 ---p 00000000 00:00 0 
7f1759000000-7f1759240000 rw-p 00000000 00:00 0 
7f1759240000-7f1759360000 rw-p 00000000 00:00 0 
7f1759360000-7f1759400000 ---p 00000000 00:00 0 
7f1759400000-7f1759800000 rw-p 00000000 00:00 0 
7f1759800000-7f175a000000 rw-p 00000000 00:00 0 
7f175a800000-7f175a900000 rw-p 00000000 00:00 0 
7f175a900000-7f175b000000 rw-p 00000000 00:00 0 
7f175b800000-7f175b900000 rw-p 00000000 00:00 0 
7f175b900000-7f175ba00000 rw-p 00000000 00:00 0 
7f175ba00000-7f175bf80000 rw-p 00000000 00:00 0 
7f175bf80000-7f175c000000 rw-p 00000000 00:00 0 
7f175c000000-7f175c8ac000 rw-p 00000000 00:00 0 
7f175c8ac000-7f1760000000 ---p 00000000 00:00 0 
7f1760000000-7f1760021000 rw-p 00000000 00:00 0 
7f1760021000-7f1764000000 ---p 00000000 00:00 0 
7f1764000000-7f1764021000 rw-p 00000000 00:00 0 
7f1764021000-7f1768000000 ---p 00000000 00:00 0 
7f1768000000-7f1768021000 rw-p 00000000 00:00 0 
7f1768021000-7f176c000000 ---p 00000000 00:00 0 
7f176c000000-7f176c021000 rw-p 00000000 00:00 0 
7f176c021000-7f1770000000 ---p 00000000 00:00 0 
7f1770400000-7f1770410000 r-xp 00000000 00:1c2d 358                      /home/runner/.cache/jdt-language-server/config/org.eclipse.equinox.launcher/org.eclipse.equinox.launcher.gtk.linux.x86_64_1.2.400.v20211117-0650/eclipse_11600.so
7f1770410000-7f177060f000 ---p 00010000 00:1c2d 358                      /home/runner/.cache/jdt-language-server/config/org.eclipse.equinox.launcher/org.eclipse.equinox.launcher.gtk.linux.x86_64_1.2.400.v20211117-0650/eclipse_11600.so
7f177060f000-7f1770610000 r--p 0000f000 00:1c2d 358                      /home/runner/.cache/jdt-language-server/config/org.eclipse.equinox.launcher/org.eclipse.equinox.launcher.gtk.linux.x86_64_1.2.400.v20211117-0650/eclipse_11600.so
7f1770610000-7f1770611000 rw-p 00010000 00:1c2d 358                      /home/runner/.cache/jdt-language-server/config/org.eclipse.equinox.launcher/org.eclipse.equinox.launcher.gtk.linux.x86_64_1.2.400.v20211117-0650/eclipse_11600.so
7f1771300000-7f1771400000 ---p 00000000 00:00 0 
7f1771400000-7f17719af000 r--p 01122000 00:1c68 4611686019135190040      /nix/store/gpxl5qgg8kicmcvivwmybwjlpf7wh20l-graalvm17-ce-22.3.0/lib/libjvmcicompiler.so
7f17719af000-7f1771b00000 r--p 00000000 00:00 0 
7f1771b00000-7f1771b3d000 rw-p 00000000 00:00 0 
7f1771b3d000-7f177205d000 rw-p 0185f000 00:1c68 4611686019135190040      /nix/store/gpxl5qgg8kicmcvivwmybwjlpf7wh20l-graalvm17-ce-22.3.0/lib/libjvmcicompiler.so
7f177205d000-7f1772444000 r--p 01d7f000 00:1c68 4611686019135190040      /nix/store/gpxl5qgg8kicmcvivwmybwjlpf7wh20l-graalvm17-ce-22.3.0/lib/libjvmcicompiler.so
7f1772500000-7f1772504000 ---p 00000000 00:00 0 
7f1772504000-7f1772600000 rw-p 00000000 00:00 0 
7f1772700000-7f1772704000 ---p 00000000 00:00 0 
7f1772704000-7f1772800000 rw-p 00000000 00:00 0 
7f1772900000-7f1772904000 ---p 00000000 00:00 0 
7f1772904000-7f1772a00000 rw-p 00000000 00:00 0 
7f1772b00000-7f1772b04000 ---p 00000000 00:00 0 
7f1772b04000-7f1772c00000 rw-p 00000000 00:00 0 
7f1772d00000-7f1772d04000 ---p 00000000 00:00 0 
7f1772d04000-7f1772e00000 rw-p 00000000 00:00 0 
7f1773a68000-7f1773f00000 rw-p 00000000 00:00 0 
7f1774000000-7f1774021000 rw-p 00000000 00:00 0 
7f1774021000-7f1778000000 ---p 00000000 00:00 0 
7f1778000000-7f1778021000 rw-p 00000000 00:00 0 
7f1778021000-7f177c000000 ---p 00000000 00:00 0 
7f177c000000-7f177c021000 rw-p 00000000 00:00 0 
7f177c021000-7f1780000000 ---p 00000000 00:00 0 
7f1780000000-7f1780021000 rw-p 00000000 00:00 0 
7f1780021000-7f1784000000 ---p 00000000 00:00 0 
7f1784000000-7f17840dc000 rw-p 00000000 00:00 0 
7f17840dc000-7f1788000000 ---p 00000000 00:00 0 
7f1788000000-7f1788ac5000 rw-p 00000000 00:00 0 
7f1788ac5000-7f178c000000 ---p 00000000 00:00 0 
7f178c000000-7f178c021000 rw-p 00000000 00:00 0 
7f178c021000-7f1790000000 ---p 00000000 00:00 0 
7f1790000000-7f1790021000 rw-p 00000000 00:00 0 
7f1790021000-7f1794000000 ---p 00000000 00:00 0 
7f1794000000-7f1794021000 rw-p 00000000 00:00 0 
7f1794021000-7f1798000000 ---p 00000000 00:00 0 
7f1798000000-7f1798021000 rw-p 00000000 00:00 0 
7f1798021000-7f179c000000 ---p 00000000 00:00 0 
7f179c000000-7f179c021000 rw-p 00000000 00:00 0 
7f179c021000-7f17a0000000 ---p 00000000 00:00 0 
7f17a0000000-7f17a0021000 rw-p 00000000 00:00 0 
7f17a0021000-7f17a4000000 ---p 00000000 00:00 0 
7f17a4000000-7f17a4062000 rw-p 00000000 00:00 0 
7f17a4062000-7f17a8000000 ---p 00000000 00:00 0 
7f17a8100000-7f17a8104000 ---p 00000000 00:00 0 
7f17a8104000-7f17a8200000 rw-p 00000000 00:00 0 
7f17a8300000-7f17a8304000 ---p 00000000 00:00 0 
7f17a8304000-7f17a8400000 rw-p 00000000 00:00 0 
7f17a8500000-7f17a8504000 ---p 00000000 00:00 0 
7f17a8504000-7f17a8600000 rw-p 00000000 00:00 0 
7f17a8700000-7f17a8704000 ---p 00000000 00:00 0 
7f17a8704000-7f17a8800000 rw-p 00000000 00:00 0 
7f17a8900000-7f17a8904000 ---p 00000000 00:00 0 
7f17a8904000-7f17a8a00000 rw-p 00000000 00:00 0 
7f17a8b00000-7f17a8b04000 ---p 00000000 00:00 0 
7f17a8b04000-7f17a8c00000 rw-p 00000000 00:00 0 
7f17a8d00000-7f17a8d04000 ---p 00000000 00:00 0 
7f17a8d04000-7f17a8e00000 rw-p 00000000 00:00 0 
7f17a8e00000-7f17a8e04000 ---p 00000000 00:00 0 
7f17a8e04000-7f17a8f00000 rw-p 00000000 00:00 0 
7f17a8f00000-7f17a8f04000 ---p 00000000 00:00 0 
7f17a8f04000-7f17a9000000 rw-p 00000000 00:00 0 
7f17a9000000-7f17ab16a000 r-xp 00000000 00:1c68 4611686019135190040      /nix/store/gpxl5qgg8kicmcvivwmybwjlpf7wh20l-graalvm17-ce-22.3.0/lib/libjvmcicompiler.so
7f17ab16a000-7f17ab369000 ---p 0216a000 00:1c68 4611686019135190040      /nix/store/gpxl5qgg8kicmcvivwmybwjlpf7wh20l-graalvm17-ce-22.3.0/lib/libjvmcicompiler.so
7f17ab369000-7f17ab36a000 r--p 02169000 00:1c68 4611686019135190040      /nix/store/gpxl5qgg8kicmcvivwmybwjlpf7wh20l-graalvm17-ce-22.3.0/lib/libjvmcicompiler.so
7f17ab36a000-7f17ab36c000 rw-p 0216a000 00:1c68 4611686019135190040      /nix/store/gpxl5qgg8kicmcvivwmybwjlpf7wh20l-graalvm17-ce-22.3.0/lib/libjvmcicompiler.so
7f17ab36c000-7f17ab36d000 rw-p 00000000 00:00 0 
7f17ab36d000-7f17ab372000 rw-p 023c3000 00:1c68 4611686019135190040      /nix/store/gpxl5qgg8kicmcvivwmybwjlpf7wh20l-graalvm17-ce-22.3.0/lib/libjvmcicompiler.so
7f17ab3b3000-7f17ab3b7000 ---p 00000000 00:00 0 
7f17ab3b7000-7f17ab4b3000 rw-p 00000000 00:00 0 
7f17ab4b3000-7f17ab723000 rwxp 00000000 00:00 0 
7f17ab723000-7f17aba42000 ---p 00000000 00:00 0 
7f17aba42000-7f17ac6b2000 rwxp 00000000 00:00 0 
7f17ac6b2000-7f17b2f7a000 ---p 00000000 00:00 0 
7f17b2f7a000-7f17b31ea000 rwxp 00000000 00:00 0 
7f17b31ea000-7f17ba4b3000 ---p 00000000 00:00 0 
7f17ba4b3000-7f17c4000000 r--s 00000000 00:1c68 4611686019135192581      /nix/store/gpxl5qgg8kicmcvivwmybwjlpf7wh20l-graalvm17-ce-22.3.0/lib/modules
7f17c4000000-7f17c4410000 rw-p 00000000 00:00 0 
7f17c4410000-7f17c8000000 ---p 00000000 00:00 0 
7f17c8018000-7f17c801c000 ---p 00000000 00:00 0 
7f17c801c000-7f17c8118000 rw-p 00000000 00:00 0 
7f17c8118000-7f17c8119000 ---p 00000000 00:00 0 
7f17c8119000-7f17c821a000 rw-p 00000000 00:00 0 
7f17c821a000-7f17c821e000 ---p 00000000 00:00 0 
7f17c821e000-7f17c831a000 rw-p 00000000 00:00 0 
7f17c831a000-7f17c831e000 ---p 00000000 00:00 0 
7f17c831e000-7f17c841a000 rw-p 00000000 00:00 0 
7f17c841a000-7f17c841e000 ---p 00000000 00:00 0 
7f17c841e000-7f17c851a000 rw-p 00000000 00:00 0 
7f17c851a000-7f17c851e000 ---p 00000000 00:00 0 
7f17c851e000-7f17c871a000 rw-p 00000000 00:00 0 
7f17c871a000-7f17c871e000 ---p 00000000 00:00 0 
7f17c871e000-7f17c891a000 rw-p 00000000 00:00 0 
7f17c891a000-7f17c891e000 ---p 00000000 00:00 0 
7f17c891e000-7f17c8a1a000 rw-p 00000000 00:00 0 
7f17c8a1a000-7f17c8a1e000 ---p 00000000 00:00 0 
7f17c8a1e000-7f17c8b1a000 rw-p 00000000 00:00 0 
7f17c8b1a000-7f17c8b1e000 ---p 00000000 00:00 0 
7f17c8b1e000-7f17c8c1a000 rw-p 00000000 00:00 0 
7f17c8c1a000-7f17c8f00000 r--p 00000000 00:10a1 28444448                 /usr/lib/locale/locale-archive
7f17c8f00000-7f17c8f04000 ---p 00000000 00:00 0 
7f17c8f04000-7f17c9400000 rw-p 00000000 00:00 0 
7f17c9400000-7f17c96c0000 rw-p 00000000 00:00 0 
7f17c96c0000-7f17c9700000 rw-p 00000000 00:00 0 
7f17c9700000-7f17c9800000 rw-p 00000000 00:00 0 
7f17c987c000-7f17c9880000 ---p 00000000 00:00 0 
7f17c9880000-7f17c989e000 rw-p 00000000 00:00 0 
7f17c989e000-7f17c98a5000 r-xp 00000000 00:1c68 4611686019135192580      /nix/store/gpxl5qgg8kicmcvivwmybwjlpf7wh20l-graalvm17-ce-22.3.0/lib/libzip.so
7f17c98a5000-7f17c98a6000 ---p 00007000 00:1c68 4611686019135192580      /nix/store/gpxl5qgg8kicmcvivwmybwjlpf7wh20l-graalvm17-ce-22.3.0/lib/libzip.so
7f17c98a6000-7f17c98a7000 r--p 00007000 00:1c68 4611686019135192580      /nix/store/gpxl5qgg8kicmcvivwmybwjlpf7wh20l-graalvm17-ce-22.3.0/lib/libzip.so
7f17c98a7000-7f17c98a8000 rw-p 00008000 00:1c68 4611686019135192580      /nix/store/gpxl5qgg8kicmcvivwmybwjlpf7wh20l-graalvm17-ce-22.3.0/lib/libzip.so
7f17c98a8000-7f17c98aa000 rw-p 0000b000 00:1c68 4611686019135192580      /nix/store/gpxl5qgg8kicmcvivwmybwjlpf7wh20l-graalvm17-ce-22.3.0/lib/libzip.so
7f17c98aa000-7f17c98bf000 r-xp 00000000 00:1c68 4611686019135192570      /nix/store/gpxl5qgg8kicmcvivwmybwjlpf7wh20l-graalvm17-ce-22.3.0/lib/libnet.so
7f17c98bf000-7f17c98c0000 ---p 00015000 00:1c68 4611686019135192570      /nix/store/gpxl5qgg8kicmcvivwmybwjlpf7wh20l-graalvm17-ce-22.3.0/lib/libnet.so
7f17c98c0000-7f17c98c1000 r--p 00015000 00:1c68 4611686019135192570      /nix/store/gpxl5qgg8kicmcvivwmybwjlpf7wh20l-graalvm17-ce-22.3.0/lib/libnet.so
7f17c98c1000-7f17c98c2000 rw-p 00016000 00:1c68 4611686019135192570      /nix/store/gpxl5qgg8kicmcvivwmybwjlpf7wh20l-graalvm17-ce-22.3.0/lib/libnet.so
7f17c98c2000-7f17c98c5000 rw-p 0001b000 00:1c68 4611686019135192570      /nix/store/gpxl5qgg8kicmcvivwmybwjlpf7wh20l-graalvm17-ce-22.3.0/lib/libnet.so
7f17c98c5000-7f17c98d8000 r-xp 00000000 00:1c68 4611686019135192571      /nix/store/gpxl5qgg8kicmcvivwmybwjlpf7wh20l-graalvm17-ce-22.3.0/lib/libnio.so
7f17c98d8000-7f17c98d9000 r--p 00012000 00:1c68 4611686019135192571      /nix/store/gpxl5qgg8kicmcvivwmybwjlpf7wh20l-graalvm17-ce-22.3.0/lib/libnio.so
7f17c98d9000-7f17c98da000 rw-p 00013000 00:1c68 4611686019135192571      /nix/store/gpxl5qgg8kicmcvivwmybwjlpf7wh20l-graalvm17-ce-22.3.0/lib/libnio.so
7f17c98da000-7f17c98df000 rw-p 00019000 00:1c68 4611686019135192571      /nix/store/gpxl5qgg8kicmcvivwmybwjlpf7wh20l-graalvm17-ce-22.3.0/lib/libnio.so
7f17c98df000-7f17c98e3000 ---p 00000000 00:00 0 
7f17c98e3000-7f17c99df000 rw-p 00000000 00:00 0 
7f17c99df000-7f17c99e0000 ---p 00000000 00:00 0 
7f17c99e0000-7f17c9ae1000 rw-p 00000000 00:00 0 
7f17c9ae1000-7f17c9baf000 r-xp 00000000 00:1c68 4611686019135190036      /nix/store/gpxl5qgg8kicmcvivwmybwjlpf7wh20l-graalvm17-ce-22.3.0/lib/libjsvml.so
7f17c9baf000-7f17c9bb0000 r--p 000cd000 00:1c68 4611686019135190036      /nix/store/gpxl5qgg8kicmcvivwmybwjlpf7wh20l-graalvm17-ce-22.3.0/lib/libjsvml.so
7f17c9bb0000-7f17c9bb1000 rw-p 000ce000 00:1c68 4611686019135190036      /nix/store/gpxl5qgg8kicmcvivwmybwjlpf7wh20l-graalvm17-ce-22.3.0/lib/libjsvml.so
7f17c9bb1000-7f17cb489000 rw-p 00000000 00:00 0 
7f17cb489000-7f17cb48a000 ---p 00000000 00:00 0 
7f17cb48a000-7f17cb635000 rw-p 00000000 00:00 0 
7f17cb635000-7f17cb663000 rw-p 00000000 00:00 0 
7f17cb663000-7f17cb68b000 ---p 00000000 00:00 0 
7f17cb68b000-7f17cb691000 rw-p 00000000 00:00 0 
7f17cb691000-7f17cb777000 ---p 00000000 00:00 0 
7f17cb777000-7f17cb790000 rw-p 00000000 00:00 0 
7f17cb790000-7f17cb862000 ---p 00000000 00:00 0 
7f17cb862000-7f17cb867000 rw-p 00000000 00:00 0 
7f17cb867000-7f17cb86e000 ---p 00000000 00:00 0 
7f17cb86e000-7f17cb892000 r-xp 00000000 00:1c68 4611686019135190028      /nix/store/gpxl5qgg8kicmcvivwmybwjlpf7wh20l-graalvm17-ce-22.3.0/lib/libjava.so
7f17cb892000-7f17cb893000 ---p 00024000 00:1c68 4611686019135190028      /nix/store/gpxl5qgg8kicmcvivwmybwjlpf7wh20l-graalvm17-ce-22.3.0/lib/libjava.so
7f17cb893000-7f17cb894000 r--p 00024000 00:1c68 4611686019135190028      /nix/store/gpxl5qgg8kicmcvivwmybwjlpf7wh20l-graalvm17-ce-22.3.0/lib/libjava.so
7f17cb894000-7f17cb895000 rw-p 00025000 00:1c68 4611686019135190028      /nix/store/gpxl5qgg8kicmcvivwmybwjlpf7wh20l-graalvm17-ce-22.3.0/lib/libjava.so
7f17cb895000-7f17cb896000 rw-p 00000000 00:00 0 
7f17cb896000-7f17cb89d000 rw-p 0002f000 00:1c68 4611686019135190028      /nix/store/gpxl5qgg8kicmcvivwmybwjlpf7wh20l-graalvm17-ce-22.3.0/lib/libjava.so
7f17cb89d000-7f17cb8a5000 rw-s 00000000 00:b7 530                        /tmp/hsperfdata_runner/106
7f17cb8a5000-7f17cb8a6000 ---p 00000000 00:00 0 
7f17cb8a6000-7f17cb8a7000 r--p 00000000 00:00 0 
7f17cb8a7000-7f17cb8a8000 rwxp 00000000 00:00 0 
7f17cb8a8000-7f17cb8c3000 r-xp 00000000 00:1c68 4611686019135190032      /nix/store/gpxl5qgg8kicmcvivwmybwjlpf7wh20l-graalvm17-ce-22.3.0/lib/libjimage.so
7f17cb8c3000-7f17cb8c4000 ---p 0001b000 00:1c68 4611686019135190032      /nix/store/gpxl5qgg8kicmcvivwmybwjlpf7wh20l-graalvm17-ce-22.3.0/lib/libjimage.so
7f17cb8c4000-7f17cb8c6000 r--p 0001b000 00:1c68 4611686019135190032      /nix/store/gpxl5qgg8kicmcvivwmybwjlpf7wh20l-graalvm17-ce-22.3.0/lib/libjimage.so
7f17cb8c6000-7f17cb8c7000 rw-p 0001d000 00:1c68 4611686019135190032      /nix/store/gpxl5qgg8kicmcvivwmybwjlpf7wh20l-graalvm17-ce-22.3.0/lib/libjimage.so
7f17cb8c7000-7f17cb8c8000 rw-p 00024000 00:1c68 4611686019135190032      /nix/store/gpxl5qgg8kicmcvivwmybwjlpf7wh20l-graalvm17-ce-22.3.0/lib/libjimage.so
7f17cb8c8000-7f17cb8cc000 ---p 00000000 00:00 0 
7f17cb8cc000-7f17cb9c8000 rw-p 00000000 00:00 0 
7f17cb9c8000-7f17cb9d6000 r--p 00000000 00:1c68 4611686019027979927      /nix/store/4nlgxhb09sdr51nc9hdm8az5b08vzkgx-glibc-2.35-163/lib/libm.so.6
7f17cb9d6000-7f17cba49000 r-xp 0000e000 00:1c68 4611686019027979927      /nix/store/4nlgxhb09sdr51nc9hdm8az5b08vzkgx-glibc-2.35-163/lib/libm.so.6
7f17cba49000-7f17cbaa6000 r--p 00081000 00:1c68 4611686019027979927      /nix/store/4nlgxhb09sdr51nc9hdm8az5b08vzkgx-glibc-2.35-163/lib/libm.so.6
7f17cbaa6000-7f17cbaa7000 r--p 000dd000 00:1c68 4611686019027979927      /nix/store/4nlgxhb09sdr51nc9hdm8az5b08vzkgx-glibc-2.35-163/lib/libm.so.6
7f17cbaa7000-7f17cbaa8000 rw-p 000de000 00:1c68 4611686019027979927      /nix/store/4nlgxhb09sdr51nc9hdm8az5b08vzkgx-glibc-2.35-163/lib/libm.so.6
7f17cbaa8000-7f17cbaa9000 r--p 00000000 00:1c68 4611686019027979946      /nix/store/4nlgxhb09sdr51nc9hdm8az5b08vzkgx-glibc-2.35-163/lib/librt.so.1
7f17cbaa9000-7f17cbaaa000 r-xp 00001000 00:1c68 4611686019027979946      /nix/store/4nlgxhb09sdr51nc9hdm8az5b08vzkgx-glibc-2.35-163/lib/librt.so.1
7f17cbaaa000-7f17cbaab000 r--p 00002000 00:1c68 4611686019027979946      /nix/store/4nlgxhb09sdr51nc9hdm8az5b08vzkgx-glibc-2.35-163/lib/librt.so.1
7f17cbaab000-7f17cbaac000 r--p 00002000 00:1c68 4611686019027979946      /nix/store/4nlgxhb09sdr51nc9hdm8az5b08vzkgx-glibc-2.35-163/lib/librt.so.1
7f17cbaac000-7f17cbaad000 rw-p 00003000 00:1c68 4611686019027979946      /nix/store/4nlgxhb09sdr51nc9hdm8az5b08vzkgx-glibc-2.35-163/lib/librt.so.1
7f17cbaad000-7f17ccbc0000 r-xp 00000000 00:1c68 4611686019135360866      /nix/store/gpxl5qgg8kicmcvivwmybwjlpf7wh20l-graalvm17-ce-22.3.0/lib/server/libjvm.so
7f17ccbc0000-7f17ccbc1000 ---p 01113000 00:1c68 4611686019135360866      /nix/store/gpxl5qgg8kicmcvivwmybwjlpf7wh20l-graalvm17-ce-22.3.0/lib/server/libjvm.so
7f17ccbc1000-7f17ccc76000 r--p 01113000 00:1c68 4611686019135360866      /nix/store/gpxl5qgg8kicmcvivwmybwjlpf7wh20l-graalvm17-ce-22.3.0/lib/server/libjvm.so
7f17ccc76000-7f17cccaa000 rw-p 011c8000 00:1c68 4611686019135360866      /nix/store/gpxl5qgg8kicmcvivwmybwjlpf7wh20l-graalvm17-ce-22.3.0/lib/server/libjvm.so
7f17cccaa000-7f17ccd06000 rw-p 00000000 00:00 0 
7f17ccd06000-7f17ccd2e000 r--p 00000000 00:1c68 4611686019027979918      /nix/store/4nlgxhb09sdr51nc9hdm8az5b08vzkgx-glibc-2.35-163/lib/libc.so.6
7f17ccd2e000-7f17ccea4000 r-xp 00028000 00:1c68 4611686019027979918      /nix/store/4nlgxhb09sdr51nc9hdm8az5b08vzkgx-glibc-2.35-163/lib/libc.so.6
7f17ccea4000-7f17ccefc000 r--p 0019e000 00:1c68 4611686019027979918      /nix/store/4nlgxhb09sdr51nc9hdm8az5b08vzkgx-glibc-2.35-163/lib/libc.so.6
7f17ccefc000-7f17ccf00000 r--p 001f6000 00:1c68 4611686019027979918      /nix/store/4nlgxhb09sdr51nc9hdm8az5b08vzkgx-glibc-2.35-163/lib/libc.so.6
7f17ccf00000-7f17ccf02000 rw-p 001fa000 00:1c68 4611686019027979918      /nix/store/4nlgxhb09sdr51nc9hdm8az5b08vzkgx-glibc-2.35-163/lib/libc.so.6
7f17ccf02000-7f17ccf11000 rw-p 00000000 00:00 0 
7f17ccf11000-7f17ccf12000 r--p 00000000 00:1c68 4611686019027979923      /nix/store/4nlgxhb09sdr51nc9hdm8az5b08vzkgx-glibc-2.35-163/lib/libdl.so.2
7f17ccf12000-7f17ccf13000 r-xp 00001000 00:1c68 4611686019027979923      /nix/store/4nlgxhb09sdr51nc9hdm8az5b08vzkgx-glibc-2.35-163/lib/libdl.so.2
7f17ccf13000-7f17ccf14000 r--p 00002000 00:1c68 4611686019027979923      /nix/store/4nlgxhb09sdr51nc9hdm8az5b08vzkgx-glibc-2.35-163/lib/libdl.so.2
7f17ccf14000-7f17ccf15000 r--p 00002000 00:1c68 4611686019027979923      /nix/store/4nlgxhb09sdr51nc9hdm8az5b08vzkgx-glibc-2.35-163/lib/libdl.so.2
7f17ccf15000-7f17ccf16000 rw-p 00003000 00:1c68 4611686019027979923      /nix/store/4nlgxhb09sdr51nc9hdm8az5b08vzkgx-glibc-2.35-163/lib/libdl.so.2
7f17ccf16000-7f17ccf17000 r--p 00000000 00:1c68 4611686019027979942      /nix/store/4nlgxhb09sdr51nc9hdm8az5b08vzkgx-glibc-2.35-163/lib/libpthread.so.0
7f17ccf17000-7f17ccf18000 r-xp 00001000 00:1c68 4611686019027979942      /nix/store/4nlgxhb09sdr51nc9hdm8az5b08vzkgx-glibc-2.35-163/lib/libpthread.so.0
7f17ccf18000-7f17ccf19000 r--p 00002000 00:1c68 4611686019027979942      /nix/store/4nlgxhb09sdr51nc9hdm8az5b08vzkgx-glibc-2.35-163/lib/libpthread.so.0
7f17ccf19000-7f17ccf1a000 r--p 00002000 00:1c68 4611686019027979942      /nix/store/4nlgxhb09sdr51nc9hdm8az5b08vzkgx-glibc-2.35-163/lib/libpthread.so.0
7f17ccf1a000-7f17ccf1b000 rw-p 00003000 00:1c68 4611686019027979942      /nix/store/4nlgxhb09sdr51nc9hdm8az5b08vzkgx-glibc-2.35-163/lib/libpthread.so.0
7f17ccf1b000-7f17ccf29000 r-xp 00000000 00:1c68 4611686019135190033      /nix/store/gpxl5qgg8kicmcvivwmybwjlpf7wh20l-graalvm17-ce-22.3.0/lib/libjli.so
7f17ccf29000-7f17ccf2a000 ---p 0000e000 00:1c68 4611686019135190033      /nix/store/gpxl5qgg8kicmcvivwmybwjlpf7wh20l-graalvm17-ce-22.3.0/lib/libjli.so
7f17ccf2a000-7f17ccf2b000 r--p 0000e000 00:1c68 4611686019135190033      /nix/store/gpxl5qgg8kicmcvivwmybwjlpf7wh20l-graalvm17-ce-22.3.0/lib/libjli.so
7f17ccf2b000-7f17ccf2c000 rw-p 0000f000 00:1c68 4611686019135190033      /nix/store/gpxl5qgg8kicmcvivwmybwjlpf7wh20l-graalvm17-ce-22.3.0/lib/libjli.so
7f17ccf2c000-7f17ccf2d000 rw-p 00012000 00:1c68 4611686019135190033      /nix/store/gpxl5qgg8kicmcvivwmybwjlpf7wh20l-graalvm17-ce-22.3.0/lib/libjli.so
7f17ccf2d000-7f17ccf30000 r--p 00000000 00:1c68 4611686019106210071      /nix/store/026hln0aq1hyshaxsdvhg0kmcm6yf45r-zlib-1.2.13/lib/libz.so.1.2.13
7f17ccf30000-7f17ccf42000 r-xp 00003000 00:1c68 4611686019106210071      /nix/store/026hln0aq1hyshaxsdvhg0kmcm6yf45r-zlib-1.2.13/lib/libz.so.1.2.13
7f17ccf42000-7f17ccf49000 r--p 00015000 00:1c68 4611686019106210071      /nix/store/026hln0aq1hyshaxsdvhg0kmcm6yf45r-zlib-1.2.13/lib/libz.so.1.2.13
7f17ccf49000-7f17ccf4a000 r--p 0001b000 00:1c68 4611686019106210071      /nix/store/026hln0aq1hyshaxsdvhg0kmcm6yf45r-zlib-1.2.13/lib/libz.so.1.2.13
7f17ccf4a000-7f17ccf4b000 rw-p 0001c000 00:1c68 4611686019106210071      /nix/store/026hln0aq1hyshaxsdvhg0kmcm6yf45r-zlib-1.2.13/lib/libz.so.1.2.13
7f17ccf4b000-7f17ccf4d000 rw-p 00000000 00:00 0 
7f17ccf4d000-7f17ccf4f000 r--p 00000000 00:1c68 4611686019027979912      /nix/store/4nlgxhb09sdr51nc9hdm8az5b08vzkgx-glibc-2.35-163/lib/ld-linux-x86-64.so.2
7f17ccf4f000-7f17ccf76000 r-xp 00002000 00:1c68 4611686019027979912      /nix/store/4nlgxhb09sdr51nc9hdm8az5b08vzkgx-glibc-2.35-163/lib/ld-linux-x86-64.so.2
7f17ccf76000-7f17ccf82000 r--p 00029000 00:1c68 4611686019027979912      /nix/store/4nlgxhb09sdr51nc9hdm8az5b08vzkgx-glibc-2.35-163/lib/ld-linux-x86-64.so.2
7f17ccf82000-7f17ccf84000 r--p 00034000 00:1c68 4611686019027979912      /nix/store/4nlgxhb09sdr51nc9hdm8az5b08vzkgx-glibc-2.35-163/lib/ld-linux-x86-64.so.2
7f17ccf84000-7f17ccf86000 rw-p 00036000 00:1c68 4611686019027979912      /nix/store/4nlgxhb09sdr51nc9hdm8az5b08vzkgx-glibc-2.35-163/lib/ld-linux-x86-64.so.2
7fff1c325000-7fff1c349000 rw-p 00000000 00:00 0                          [stack]
7fff1c392000-7fff1c396000 r--p 00000000 00:00 0                          [vvar]
7fff1c396000-7fff1c398000 r-xp 00000000 00:00 0                          [vdso]
ffffffffff600000-ffffffffff601000 --xp 00000000 00:00 0                  [vsyscall]


VM Arguments:
jvm_args: -XX:ThreadPriorityPolicy=1 -XX:+UnlockExperimentalVMOptions -XX:+EnableJVMCIProduct -XX:JVMCIThreadsPerNativeLibraryRuntime=1 -XX:-UnlockExperimentalVMOptions -Declipse.application=org.eclipse.jdt.ls.core.id1 -Dosgi.bundles.defaultStartLevel=4 -Declipse.product=org.eclipse.jdt.ls.core.product -Dlog.level=ALL -Xverify:none -XX:+UseParallelGC -XX:GCTimeRatio=4 -XX:AdaptiveSizePolicyWeight=90 -Dsun.zip.disableMemoryMapping=true -Xmx512m -Xms100m 
java_command: /nix/store/m6gcpi1ii6rghy04cjwjddcavv7i90df-jdt-language-server-1.9.0/share/java/plugins/org.eclipse.equinox.launcher_1.6.400.v20210924-0641.jar --add-modules=ALL-SYSTEM --add-opens java.base/java.util=ALL-UNNAMED --add-opens java.base/java.lang=ALL-UNNAMED -configuration /home/runner/.cache/jdt-language-server/config -data /home/runner/.cache/jdt-language-server/data/home/runner/java4
java_class_path (initial): /nix/store/m6gcpi1ii6rghy04cjwjddcavv7i90df-jdt-language-server-1.9.0/share/java/plugins/org.eclipse.equinox.launcher_1.6.400.v20210924-0641.jar
Launcher Type: SUN_STANDARD

[Global flags]
    uintx AdaptiveSizePolicyWeight                 = 90                                        {product} {command line}
     intx CICompilerCount                          = 2                                         {product} {ergonomic}
     bool EnableJVMCIProduct                       = true                                {JVMCI product} {jimage}
    uintx GCTimeRatio                              = 4                                         {product} {command line}
   size_t InitialHeapSize                          = 104857600                                 {product} {command line}
     uint JVMCIThreadsPerNativeLibraryRuntime      = 1                                   {JVMCI product} {jimage}
   size_t MaxHeapSize                              = 536870912                                 {product} {command line}
   size_t MaxNewSize                               = 178782208                                 {product} {ergonomic}
   size_t MinHeapDeltaBytes                        = 524288                                    {product} {ergonomic}
   size_t MinHeapSize                              = 104857600                                 {product} {command line}
   size_t NewSize                                  = 34603008                                  {product} {ergonomic}
    uintx NonNMethodCodeHeapSize                   = 5826188                                {pd product} {ergonomic}
    uintx NonProfiledCodeHeapSize                  = 122916026                              {pd product} {ergonomic}
   size_t OldSize                                  = 70254592                                  {product} {ergonomic}
    uintx ProfiledCodeHeapSize                     = 122916026                              {pd product} {ergonomic}
    uintx ReservedCodeCacheSize                    = 251658240                              {pd product} {ergonomic}
     bool SegmentedCodeCache                       = true                                      {product} {ergonomic}
   size_t SoftMaxHeapSize                          = 536870912                              {manageable} {ergonomic}
     intx ThreadPriorityPolicy                     = 1                                         {product} {jimage}
     bool UseCompressedClassPointers               = true                           {product lp64_product} {ergonomic}
     bool UseCompressedOops                        = true                           {product lp64_product} {ergonomic}
     bool UseParallelGC                            = true                                      {product} {command line}

Logging:
Log output configuration:
 #0: stdout all=warning uptime,level,tags
 #1: stderr all=off uptime,level,tags

Environment Variables:
JAVA_HOME=/nix/store/gpxl5qgg8kicmcvivwmybwjlpf7wh20l-graalvm17-ce-22.3.0
PATH=/nix/store/1d6ian3r8kdzspw8hacjhl3xkp40g1lj-binutils-wrapper-2.39/bin:/nix/store/dq0xwmsk1g0i2ayg6pb7y87na2knzylh-gcc-wrapper-11.3.0/bin:/nix/store/bap4d0lpcrhpwmpb8ayjcgkmvfj62lnq-bash-interactive-5.1-p16/bin:/nix/store/pr5n59mb4jzmfx6kanwxly0l07p861fg-patchelf-0.15.0/bin:/nix/store/1gf2flfqnpqbr1b4p4qz2f72y42bs56r-gcc-11.3.0/bin:/nix/store/57xv61c5zi8pphjbcwxxjlgc34p61ic9-glibc-2.35-163-bin/bin:/nix/store/a7gvj343m05j2s32xcnwr35v31ynlypr-coreutils-9.1/bin:/nix/store/039g378vc3pc3dvi9dzdlrd0i4q93qwf-binutils-2.39/bin:/nix/store/gpxl5qgg8kicmcvivwmybwjlpf7wh20l-graalvm17-ce-22.3.0/bin:/nix/store/6z9ag3ihc8mq2hzsw48lhbznvzny65nz-apache-maven-3.8.6/bin:/nix/store/m6gcpi1ii6rghy04cjwjddcavv7i90df-jdt-language-server-1.9.0/bin:/nix/store/84xs5alhs01zrbr4ywm05kxbjbp5590l-java-debug/bin:/nix/store/mydc6f4k2z73xlcz7ilif3v2lcaiqvza-findutils-4.9.0/bin:/nix/store/j9p3g8472iijd50vhdprx0nmk2fqn5gv-diffutils-3.8/bin:/nix/store/89zs7rms6x00xfq4dq6m7mjnhkr8a6r4-gnused-4.8/bin:/nix/store/86bp03jkmsl6f92w0yzg4s59g5mhxwmy-gnugrep-3.7/bin:/nix/store/hwcdqw4jrjnd37wxqgsd47hd0j8bnj09-gawk-5.1.1/bin:/nix/store/cfbhw8r8ags41vwqaz47r583d0p4h4a1-gnutar-1.34/bin:/nix/store/p3m1ndl1lapwrlh698bnb5lvvxh67378-gzip-1.12/bin:/nix/store/a8mhcagrsly7c7mpjrpsnaahk4aax056-bzip2-1.0.8-bin/bin:/nix/store/mblgz65m3zv9x548a3d5m96fj2pbwr09-gnumake-4.3/bin:/nix/store/dsd5gz46hdbdk2rfdimqddhq6m8m8fqs-bash-5.1-p16/bin:/nix/store/v7ljksji50mg3w61dykaa3n3y79n6nil-patch-2.7.6/bin:/nix/store/zlcnmqq14jz5x9439jf937mvayyl63da-xz-5.2.7-bin/bin:/nix/store/y6aj732zm9m87c82fpvf103a1xb22blp-file-5.43/bin:/nix/store/i4kzir3m7mrisxmf5xvlnkw01x4qaqr4-prybar-elisp-0.0.0-e0d9a52/bin:/nix/store/lwwivxf6h7x3cvxp9zv8sj0mv7dak99r-prybar-lua-0.0.0-e0d9a52/bin:/nix/store/gxj28g1cg4hq3qanmjv07156h800qr58-prybar-python3-0.0.0-e0d9a52/bin:/nix/store/hshkjnxrgidigf8x75vg6lqng2xlx9i3-prybar-sqlite-0.0.0-e0d9a52/bin:/nix/store/c4w01bpjgyy5ixmwdk8m1pw87zq4sl26-prybar-tcl-0.0.0-e0d9a52/bin:/nix/store/hpbvrlwd5viqmvcaisb3x0118i913a9n-st
LD_LIBRARY_PATH=/nix/store/a4pff549sk2idnkpzk5nsfps3mdkdnvm-cups-2.4.2-lib/lib:/nix/store/72mqxxhh3cy5yifh92wh2yb8cl2hikyy-cairo-1.16.0/lib:/nix/store/2k366jrbsra97gjfxwvrhvixjfxdach5-glib-2.74.1/lib:/nix/store/2j2znigd8ak37rlwh9khz0ry3clqlw1l-gtk+3-3.24.34/lib:/nix/store/hisqvx32cd57apbpcsnkpx6k3549wql1-libglvnd-1.4.0/lib:/nix/store/p36pgcv991mq5srvg765b78yqpxvk3qs-mesa-21.3.3-drivers/lib:/nix/store/mav4251if1ahjq5vkpwycyyvnmy459c4-pulseaudio-14.2/lib
DISPLAY=:0
LANG=en_US.UTF-8

Signal Handlers:
   SIGSEGV: crash_handler in libjvm.so, mask=11100100010111111101111111111110, flags=SA_RESTART|SA_SIGINFO
    SIGBUS: crash_handler in libjvm.so, mask=11100100010111111101111111111110, flags=SA_RESTART|SA_SIGINFO
    SIGFPE: crash_handler in libjvm.so, mask=11100100010111111101111111111110, flags=SA_RESTART|SA_SIGINFO
   SIGPIPE: IsolateEnterStub_IgnoreSIGPIPEStartupHook_noopSignalHandler_8f19bff2f35b5f630d83b364d6b2339320d4ec70_216e8361c6bc87a8f89f58cc10d3b2fd4415bf87 in libjvmcicompiler.so, mask=00000000000000000000000000000000, flags=SA_RESTART
  *** Handler was modified!
  *** Expected: javaSignalHandler in libjvm.so, mask=11100100110111111111111111111110, flags=SA_RESTART|SA_SIGINFO
   SIGXFSZ: javaSignalHandler in libjvm.so, mask=11100100010111111101111111111110, flags=SA_RESTART|SA_SIGINFO
    SIGILL: crash_handler in libjvm.so, mask=11100100010111111101111111111110, flags=SA_RESTART|SA_SIGINFO
   SIGUSR2: SR_handler in libjvm.so, mask=00000000000000000000000000000000, flags=SA_RESTART|SA_SIGINFO
    SIGHUP: UserHandler in libjvm.so, mask=11100100010111111101111111111110, flags=SA_RESTART|SA_SIGINFO
    SIGINT: UserHandler in libjvm.so, mask=11100100010111111101111111111110, flags=SA_RESTART|SA_SIGINFO
   SIGTERM: UserHandler in libjvm.so, mask=11100100010111111101111111111110, flags=SA_RESTART|SA_SIGINFO
   SIGQUIT: UserHandler in libjvm.so, mask=11100100010111111101111111111110, flags=SA_RESTART|SA_SIGINFO
  *** Handler was modified!
  *** Expected: javaSignalHandler in libjvm.so, mask=11100100110111111111111111111110, flags=SA_RESTART|SA_SIGINFO
   SIGTRAP: crash_handler in libjvm.so, mask=11100100010111111101111111111110, flags=SA_RESTART|SA_SIGINFO


---------------  S Y S T E M  ---------------

OS:
DISTRIB_ID=Ubuntu
DISTRIB_RELEASE=20.04
DISTRIB_CODENAME=focal
DISTRIB_DESCRIPTION="Ubuntu 20.04.2 LTS"
uname: Linux 5.15.0-1031-gcp #38~20.04.1-Ubuntu SMP Sun Mar 12 04:47:58 UTC 2023 x86_64
OS uptime: 0 days 12:53 hours
libc: glibc 2.35 NPTL 2.35 
rlimit (soft/hard): STACK 8192k/infinity , CORE infinity/infinity , NPROC infinity/infinity , NOFILE 5242/5242 , AS infinity/infinity , CPU infinity/infinity , DATA infinity/infinity , FSIZE infinity/infinity , MEMLOCK 64k/64k
load average: 21.31 19.45 17.85

/proc/meminfo:
MemTotal:       65852704 kB
MemFree:         2835124 kB
MemAvailable:   33914024 kB
Buffers:         3003276 kB
Cached:         26554024 kB
SwapCached:            0 kB
Active:         11466680 kB
Inactive:       45831272 kB
Active(anon):      18292 kB
Inactive(anon): 27583816 kB
Active(file):   11448388 kB
Inactive(file): 18247456 kB
Unevictable:       43308 kB
Mlocked:           43308 kB
SwapTotal:             0 kB
SwapFree:              0 kB
Dirty:            140192 kB
Writeback:             0 kB
AnonPages:      25558712 kB
Mapped:          1976272 kB
Shmem:            167864 kB
KReclaimable:    2109656 kB
Slab:            4549552 kB
SReclaimable:    2109656 kB
SUnreclaim:      2439896 kB
KernelStack:      424980 kB
PageTables:       234848 kB
NFS_Unstable:          0 kB
Bounce:                0 kB
WritebackTmp:          0 kB
CommitLimit:    32926352 kB
Committed_AS:   93857376 kB
VmallocTotal:   34359738367 kB
VmallocUsed:      481908 kB
VmallocChunk:          0 kB
Percpu:           119328 kB
HardwareCorrupted:     0 kB
AnonHugePages:   3241984 kB
ShmemHugePages:        0 kB
ShmemPmdMapped:        0 kB
FileHugePages:         0 kB
FilePmdMapped:         0 kB
HugePages_Total:       0
HugePages_Free:        0
HugePages_Rsvd:        0
HugePages_Surp:        0
Hugepagesize:       2048 kB
Hugetlb:               0 kB
DirectMap4k:     5894968 kB
DirectMap2M:    60162048 kB
DirectMap1G:     3145728 kB

/sys/kernel/mm/transparent_hugepage/enabled: always [madvise] never
/sys/kernel/mm/transparent_hugepage/defrag (defrag/compaction efforts parameter): always defer defer+madvise [madvise] never

Process Memory:
Virtual Size: 4380740K (peak: 4466472K)
Resident Set Size: 744700K (peak: 775920K) (anon: 548276K, file: 196424K, shmem: 0K)
Swapped out: 0K
C-Heap outstanding allocations: 36616K, retained: 10263K
glibc malloc tunables: (default)

/proc/sys/kernel/threads-max (system-wide limit on the number of threads): 514406
/proc/sys/vm/max_map_count (maximum number of memory map areas a process may have): 65530
/proc/sys/kernel/pid_max (system-wide limit on number of process identifiers): 4194304

container (cgroup) information:
container_type: cgroupv1
cpu_cpuset_cpus: 2-7
cpu_memory_nodes: 0
active_processor_count: 1
cpu_quota: 50000
cpu_period: 100000
cpu_shares: 512
memory_limit_in_bytes: 1048576 k
memory_and_swap_limit_in_bytes: 1048576 k
memory_soft_limit_in_bytes: 524288 k
memory_usage_in_bytes: 575216 k
memory_max_usage_in_bytes: 1048576 k
maximum number of tasks: 1000
current number of tasks: 47

KVM virtualization detected
Steal ticks since vm start: 0
Steal ticks percentage since vm start:  0.000

CPU: total 8 (initial active 1) (8 cores per cpu, 2 threads per core) family 23 model 49 stepping 0 microcode 0xffffffff, cx8, cmov, fxsr, ht, mmx, 3dnowpref, sse, sse2, sse3, ssse3, sse4a, sse4.1, sse4.2, popcnt, lzcnt, tsc, tscinvbit, avx, avx2, aes, clmul, bmi1, bmi2, adx, sha, fma, vzeroupper, clflush, clflushopt, hv
CPU Model and flags from /proc/cpuinfo:
model name	: AMD EPYC 7B12
flags		: fpu vme de pse tsc msr pae mce cx8 apic sep mtrr pge mca cmov pat pse36 clflush mmx fxsr sse sse2 ht syscall nx mmxext fxsr_opt pdpe1gb rdtscp lm constant_tsc rep_good nopl nonstop_tsc cpuid extd_apicid tsc_known_freq pni pclmulqdq ssse3 fma cx16 sse4_1 sse4_2 movbe popcnt aes xsave avx f16c rdrand hypervisor lahf_lm cmp_legacy cr8_legacy abm sse4a misalignsse 3dnowprefetch osvw topoext ssbd ibrs ibpb stibp vmmcall fsgsbase tsc_adjust bmi1 avx2 smep bmi2 rdseed adx smap clflushopt clwb sha_ni xsaveopt xsavec xgetbv1 clzero xsaveerptr arat npt nrip_save umip rdpid

Online cpus: 0-7
Offline cpus: 
BIOS frequency limitation: <Not Available>
Frequency switch latency (ns): <Not Available>
Available cpu frequencies: <Not Available>
Current governor: <Not Available>
Core performance/turbo boost: <Not Available>

Memory: 4k page, physical 1048576k(473348k free), swap 0k(0k free)
Page Sizes: 4k

vm_info: OpenJDK 64-Bit Server VM (17.0.5+8-jvmci-22.3-b08) for linux-amd64 JRE (17.0.5+8-jvmci-22.3-b08), built on Oct 19 2022 09:01:27 by "buildslave" with gcc 10.3.0

END.
